{"/Users/matiassalicru/cor-commons/src/components/add-task/AddTask.tsx": {"path":"/Users/matiassalicru/cor-commons/src/components/add-task/AddTask.tsx","statementMap":{"0":{"start":{"line":24,"column":22},"end":{"line":24,"column":70}},"1":{"start":{"line":24,"column":33},"end":{"line":24,"column":69}},"2":{"start":{"line":26,"column":23},"end":{"line":128,"column":1}},"3":{"start":{"line":37,"column":34},"end":{"line":37,"column":46}},"4":{"start":{"line":38,"column":28},"end":{"line":38,"column":43}},"5":{"start":{"line":39,"column":32},"end":{"line":39,"column":64}},"6":{"start":{"line":40,"column":16},"end":{"line":40,"column":44}},"7":{"start":{"line":41,"column":33},"end":{"line":41,"column":46}},"8":{"start":{"line":43,"column":23},"end":{"line":51,"column":8}},"9":{"start":{"line":44,"column":4},"end":{"line":50,"column":5}},"10":{"start":{"line":45,"column":33},"end":{"line":45,"column":69}},"11":{"start":{"line":46,"column":6},"end":{"line":46,"column":37}},"12":{"start":{"line":47,"column":6},"end":{"line":47,"column":33}},"13":{"start":{"line":49,"column":6},"end":{"line":49,"column":24}},"14":{"start":{"line":53,"column":21},"end":{"line":59,"column":3}},"15":{"start":{"line":55,"column":6},"end":{"line":57,"column":51}},"16":{"start":{"line":61,"column":23},"end":{"line":75,"column":3}},"17":{"start":{"line":63,"column":6},"end":{"line":63,"column":56}},"18":{"start":{"line":63,"column":35},"end":{"line":63,"column":56}},"19":{"start":{"line":64,"column":6},"end":{"line":64,"column":32}},"20":{"start":{"line":64,"column":17},"end":{"line":64,"column":32}},"21":{"start":{"line":65,"column":34},"end":{"line":65,"column":51}},"22":{"start":{"line":66,"column":6},"end":{"line":66,"column":36}},"23":{"start":{"line":67,"column":6},"end":{"line":67,"column":21}},"24":{"start":{"line":68,"column":6},"end":{"line":68,"column":40}},"25":{"start":{"line":69,"column":6},"end":{"line":72,"column":8}},"26":{"start":{"line":77,"column":35},"end":{"line":85,"column":3}},"27":{"start":{"line":79,"column":26},"end":{"line":79,"column":31}},"28":{"start":{"line":80,"column":6},"end":{"line":82,"column":7}},"29":{"start":{"line":81,"column":8},"end":{"line":81,"column":98}},"30":{"start":{"line":87,"column":2},"end":{"line":89,"column":15}},"31":{"start":{"line":88,"column":4},"end":{"line":88,"column":61}},"32":{"start":{"line":88,"column":46},"end":{"line":88,"column":61}},"33":{"start":{"line":91,"column":2},"end":{"line":127,"column":3}},"34":{"start":{"line":97,"column":20},"end":{"line":97,"column":35}}},"fnMap":{"0":{"name":"(anonymous_0)","decl":{"start":{"line":24,"column":27},"end":{"line":24,"column":28}},"loc":{"start":{"line":24,"column":33},"end":{"line":24,"column":69}},"line":24},"1":{"name":"(anonymous_1)","decl":{"start":{"line":26,"column":23},"end":{"line":26,"column":24}},"loc":{"start":{"line":36,"column":34},"end":{"line":128,"column":1}},"line":36},"2":{"name":"(anonymous_2)","decl":{"start":{"line":43,"column":35},"end":{"line":43,"column":36}},"loc":{"start":{"line":43,"column":62},"end":{"line":51,"column":3}},"line":43},"3":{"name":"(anonymous_3)","decl":{"start":{"line":54,"column":4},"end":{"line":54,"column":5}},"loc":{"start":{"line":55,"column":6},"end":{"line":57,"column":51}},"line":55},"4":{"name":"(anonymous_4)","decl":{"start":{"line":62,"column":4},"end":{"line":62,"column":5}},"loc":{"start":{"line":62,"column":25},"end":{"line":73,"column":5}},"line":62},"5":{"name":"(anonymous_5)","decl":{"start":{"line":78,"column":4},"end":{"line":78,"column":5}},"loc":{"start":{"line":78,"column":13},"end":{"line":83,"column":5}},"line":78},"6":{"name":"(anonymous_6)","decl":{"start":{"line":87,"column":12},"end":{"line":87,"column":13}},"loc":{"start":{"line":87,"column":18},"end":{"line":89,"column":3}},"line":87},"7":{"name":"(anonymous_7)","decl":{"start":{"line":97,"column":14},"end":{"line":97,"column":15}},"loc":{"start":{"line":97,"column":20},"end":{"line":97,"column":35}},"line":97}},"branchMap":{"0":{"loc":{"start":{"line":27,"column":2},"end":{"line":27,"column":8}},"type":"default-arg","locations":[{"start":{"line":27,"column":7},"end":{"line":27,"column":8}}],"line":27},"1":{"loc":{"start":{"line":28,"column":2},"end":{"line":28,"column":17}},"type":"default-arg","locations":[{"start":{"line":28,"column":14},"end":{"line":28,"column":17}}],"line":28},"2":{"loc":{"start":{"line":32,"column":2},"end":{"line":32,"column":25}},"type":"default-arg","locations":[{"start":{"line":32,"column":16},"end":{"line":32,"column":25}}],"line":32},"3":{"loc":{"start":{"line":34,"column":2},"end":{"line":34,"column":28}},"type":"default-arg","locations":[{"start":{"line":34,"column":25},"end":{"line":34,"column":28}}],"line":34},"4":{"loc":{"start":{"line":35,"column":2},"end":{"line":35,"column":30}},"type":"default-arg","locations":[{"start":{"line":35,"column":25},"end":{"line":35,"column":30}}],"line":35},"5":{"loc":{"start":{"line":44,"column":4},"end":{"line":50,"column":5}},"type":"if","locations":[{"start":{"line":44,"column":4},"end":{"line":50,"column":5}},{"start":{"line":48,"column":11},"end":{"line":50,"column":5}}],"line":44},"6":{"loc":{"start":{"line":55,"column":6},"end":{"line":57,"column":51}},"type":"cond-expr","locations":[{"start":{"line":56,"column":10},"end":{"line":56,"column":87}},{"start":{"line":57,"column":10},"end":{"line":57,"column":51}}],"line":55},"7":{"loc":{"start":{"line":55,"column":6},"end":{"line":55,"column":53}},"type":"binary-expr","locations":[{"start":{"line":55,"column":6},"end":{"line":55,"column":28}},{"start":{"line":55,"column":32},"end":{"line":55,"column":53}}],"line":55},"8":{"loc":{"start":{"line":56,"column":12},"end":{"line":56,"column":86}},"type":"binary-expr","locations":[{"start":{"line":56,"column":12},"end":{"line":56,"column":43}},{"start":{"line":56,"column":47},"end":{"line":56,"column":86}}],"line":56},"9":{"loc":{"start":{"line":63,"column":6},"end":{"line":63,"column":56}},"type":"if","locations":[{"start":{"line":63,"column":6},"end":{"line":63,"column":56}},{"start":{},"end":{}}],"line":63},"10":{"loc":{"start":{"line":63,"column":10},"end":{"line":63,"column":33}},"type":"binary-expr","locations":[{"start":{"line":63,"column":10},"end":{"line":63,"column":19}},{"start":{"line":63,"column":23},"end":{"line":63,"column":33}}],"line":63},"11":{"loc":{"start":{"line":64,"column":6},"end":{"line":64,"column":32}},"type":"if","locations":[{"start":{"line":64,"column":6},"end":{"line":64,"column":32}},{"start":{},"end":{}}],"line":64},"12":{"loc":{"start":{"line":71,"column":20},"end":{"line":71,"column":51}},"type":"cond-expr","locations":[{"start":{"line":71,"column":35},"end":{"line":71,"column":43}},{"start":{"line":71,"column":46},"end":{"line":71,"column":51}}],"line":71},"13":{"loc":{"start":{"line":80,"column":6},"end":{"line":82,"column":7}},"type":"if","locations":[{"start":{"line":80,"column":6},"end":{"line":82,"column":7}},{"start":{},"end":{}}],"line":80},"14":{"loc":{"start":{"line":81,"column":8},"end":{"line":81,"column":98}},"type":"cond-expr","locations":[{"start":{"line":81,"column":34},"end":{"line":81,"column":81}},{"start":{"line":81,"column":84},"end":{"line":81,"column":98}}],"line":81},"15":{"loc":{"start":{"line":81,"column":8},"end":{"line":81,"column":31}},"type":"binary-expr","locations":[{"start":{"line":81,"column":8},"end":{"line":81,"column":16}},{"start":{"line":81,"column":20},"end":{"line":81,"column":31}}],"line":81},"16":{"loc":{"start":{"line":88,"column":4},"end":{"line":88,"column":61}},"type":"if","locations":[{"start":{"line":88,"column":4},"end":{"line":88,"column":61}},{"start":{},"end":{}}],"line":88},"17":{"loc":{"start":{"line":88,"column":8},"end":{"line":88,"column":44}},"type":"binary-expr","locations":[{"start":{"line":88,"column":8},"end":{"line":88,"column":35}},{"start":{"line":88,"column":39},"end":{"line":88,"column":44}}],"line":88},"18":{"loc":{"start":{"line":108,"column":7},"end":{"line":122,"column":7}},"type":"binary-expr","locations":[{"start":{"line":108,"column":7},"end":{"line":108,"column":29}},{"start":{"line":109,"column":8},"end":{"line":121,"column":19}}],"line":108},"19":{"loc":{"start":{"line":116,"column":36},"end":{"line":116,"column":70}},"type":"cond-expr","locations":[{"start":{"line":116,"column":44},"end":{"line":116,"column":47}},{"start":{"line":116,"column":50},"end":{"line":116,"column":70}}],"line":116}},"s":{"0":1,"1":1,"2":1,"3":46,"4":46,"5":46,"6":46,"7":46,"8":46,"9":33,"10":2,"11":2,"12":2,"13":31,"14":46,"15":43,"16":46,"17":3,"18":1,"19":2,"20":0,"21":2,"22":2,"23":2,"24":2,"25":2,"26":46,"27":32,"28":32,"29":1,"30":46,"31":12,"32":0,"33":46,"34":0},"f":{"0":1,"1":46,"2":33,"3":43,"4":3,"5":32,"6":12,"7":0},"b":{"0":[46],"1":[33],"2":[46],"3":[46],"4":[42],"5":[2,31],"6":[3,40],"7":[43,5],"8":[3,0],"9":[1,2],"10":[3,2],"11":[0,2],"12":[1,1],"13":[1,31],"14":[1,0],"15":[1,1],"16":[0,12],"17":[12,0],"18":[46,5],"19":[0,5]},"_coverageSchema":"1a1c01bbd47fc00a2c39e90264f33305004495a9","hash":"57a3861edcf0da02af2a8c3dc72872c17cd5cc3b"}
,"/Users/matiassalicru/cor-commons/src/components/add-task/style.tsx": {"path":"/Users/matiassalicru/cor-commons/src/components/add-task/style.tsx","statementMap":{"0":{"start":{"line":5,"column":20},"end":{"line":5,"column":49}},"1":{"start":{"line":6,"column":27},"end":{"line":6,"column":55}},"2":{"start":{"line":7,"column":31},"end":{"line":7,"column":40}},"3":{"start":{"line":9,"column":25},"end":{"line":34,"column":1}},"4":{"start":{"line":12,"column":50},"end":{"line":12,"column":103}},"5":{"start":{"line":14,"column":35},"end":{"line":14,"column":85}},"6":{"start":{"line":18,"column":39},"end":{"line":18,"column":92}},"7":{"start":{"line":21,"column":41},"end":{"line":21,"column":94}},"8":{"start":{"line":22,"column":39},"end":{"line":22,"column":89}},"9":{"start":{"line":26,"column":45},"end":{"line":26,"column":98}},"10":{"start":{"line":36,"column":31},"end":{"line":38,"column":1}},"11":{"start":{"line":40,"column":23},"end":{"line":46,"column":1}},"12":{"start":{"line":48,"column":24},"end":{"line":60,"column":1}},"13":{"start":{"line":50,"column":37},"end":{"line":50,"column":53}}},"fnMap":{"0":{"name":"(anonymous_0)","decl":{"start":{"line":12,"column":18},"end":{"line":12,"column":19}},"loc":{"start":{"line":12,"column":50},"end":{"line":12,"column":103}},"line":12},"1":{"name":"(anonymous_1)","decl":{"start":{"line":14,"column":16},"end":{"line":14,"column":17}},"loc":{"start":{"line":14,"column":35},"end":{"line":14,"column":85}},"line":14},"2":{"name":"(anonymous_2)","decl":{"start":{"line":18,"column":20},"end":{"line":18,"column":21}},"loc":{"start":{"line":18,"column":39},"end":{"line":18,"column":92}},"line":18},"3":{"name":"(anonymous_3)","decl":{"start":{"line":21,"column":22},"end":{"line":21,"column":23}},"loc":{"start":{"line":21,"column":41},"end":{"line":21,"column":94}},"line":21},"4":{"name":"(anonymous_4)","decl":{"start":{"line":22,"column":20},"end":{"line":22,"column":21}},"loc":{"start":{"line":22,"column":39},"end":{"line":22,"column":89}},"line":22},"5":{"name":"(anonymous_5)","decl":{"start":{"line":26,"column":26},"end":{"line":26,"column":27}},"loc":{"start":{"line":26,"column":45},"end":{"line":26,"column":98}},"line":26},"6":{"name":"(anonymous_6)","decl":{"start":{"line":50,"column":16},"end":{"line":50,"column":17}},"loc":{"start":{"line":50,"column":37},"end":{"line":50,"column":53}},"line":50}},"branchMap":{"0":{"loc":{"start":{"line":12,"column":50},"end":{"line":12,"column":103}},"type":"cond-expr","locations":[{"start":{"line":12,"column":61},"end":{"line":12,"column":84}},{"start":{"line":12,"column":87},"end":{"line":12,"column":103}}],"line":12},"1":{"loc":{"start":{"line":14,"column":35},"end":{"line":14,"column":85}},"type":"cond-expr","locations":[{"start":{"line":14,"column":46},"end":{"line":14,"column":73}},{"start":{"line":14,"column":76},"end":{"line":14,"column":85}}],"line":14},"2":{"loc":{"start":{"line":18,"column":39},"end":{"line":18,"column":92}},"type":"cond-expr","locations":[{"start":{"line":18,"column":50},"end":{"line":18,"column":73}},{"start":{"line":18,"column":76},"end":{"line":18,"column":92}}],"line":18},"3":{"loc":{"start":{"line":21,"column":41},"end":{"line":21,"column":94}},"type":"cond-expr","locations":[{"start":{"line":21,"column":52},"end":{"line":21,"column":75}},{"start":{"line":21,"column":78},"end":{"line":21,"column":94}}],"line":21},"4":{"loc":{"start":{"line":22,"column":39},"end":{"line":22,"column":89}},"type":"cond-expr","locations":[{"start":{"line":22,"column":50},"end":{"line":22,"column":77}},{"start":{"line":22,"column":80},"end":{"line":22,"column":89}}],"line":22},"5":{"loc":{"start":{"line":26,"column":45},"end":{"line":26,"column":98}},"type":"cond-expr","locations":[{"start":{"line":26,"column":56},"end":{"line":26,"column":79}},{"start":{"line":26,"column":82},"end":{"line":26,"column":98}}],"line":26}},"s":{"0":1,"1":1,"2":1,"3":1,"4":44,"5":44,"6":44,"7":44,"8":44,"9":44,"10":1,"11":1,"12":1,"13":44},"f":{"0":44,"1":44,"2":44,"3":44,"4":44,"5":44,"6":44},"b":{"0":[1,43],"1":[1,43],"2":[1,43],"3":[1,43],"4":[1,43],"5":[1,43]},"_coverageSchema":"1a1c01bbd47fc00a2c39e90264f33305004495a9","hash":"315cb7a527667b2a13bd849ebc36ac55a2f4e973"}
,"/Users/matiassalicru/cor-commons/src/components/add-task/components/ProjectSearch/index.tsx": {"path":"/Users/matiassalicru/cor-commons/src/components/add-task/components/ProjectSearch/index.tsx","statementMap":{"0":{"start":{"line":21,"column":61},"end":{"line":91,"column":1}},"1":{"start":{"line":30,"column":70},"end":{"line":30,"column":94}},"2":{"start":{"line":31,"column":16},"end":{"line":31,"column":44}},"3":{"start":{"line":33,"column":25},"end":{"line":33,"column":52}},"4":{"start":{"line":33,"column":35},"end":{"line":33,"column":52}},"5":{"start":{"line":34,"column":23},"end":{"line":34,"column":59}},"6":{"start":{"line":34,"column":33},"end":{"line":34,"column":59}},"7":{"start":{"line":35,"column":22},"end":{"line":48,"column":3}},"8":{"start":{"line":36,"column":4},"end":{"line":47,"column":5}},"9":{"start":{"line":50,"column":19},"end":{"line":55,"column":3}},"10":{"start":{"line":51,"column":24},"end":{"line":51,"column":43}},"11":{"start":{"line":52,"column":4},"end":{"line":54,"column":5}},"12":{"start":{"line":53,"column":6},"end":{"line":53,"column":20}},"13":{"start":{"line":57,"column":19},"end":{"line":59,"column":3}},"14":{"start":{"line":58,"column":4},"end":{"line":58,"column":60}},"15":{"start":{"line":61,"column":24},"end":{"line":64,"column":3}},"16":{"start":{"line":62,"column":4},"end":{"line":62,"column":20}},"17":{"start":{"line":63,"column":4},"end":{"line":63,"column":17}},"18":{"start":{"line":66,"column":2},"end":{"line":90,"column":3}}},"fnMap":{"0":{"name":"(anonymous_0)","decl":{"start":{"line":21,"column":61},"end":{"line":21,"column":62}},"loc":{"start":{"line":29,"column":20},"end":{"line":91,"column":1}},"line":29},"1":{"name":"(anonymous_1)","decl":{"start":{"line":33,"column":25},"end":{"line":33,"column":26}},"loc":{"start":{"line":33,"column":35},"end":{"line":33,"column":52}},"line":33},"2":{"name":"(anonymous_2)","decl":{"start":{"line":34,"column":23},"end":{"line":34,"column":24}},"loc":{"start":{"line":34,"column":33},"end":{"line":34,"column":59}},"line":34},"3":{"name":"(anonymous_3)","decl":{"start":{"line":35,"column":22},"end":{"line":35,"column":23}},"loc":{"start":{"line":35,"column":32},"end":{"line":48,"column":3}},"line":35},"4":{"name":"(anonymous_4)","decl":{"start":{"line":50,"column":19},"end":{"line":50,"column":20}},"loc":{"start":{"line":50,"column":46},"end":{"line":55,"column":3}},"line":50},"5":{"name":"(anonymous_5)","decl":{"start":{"line":57,"column":19},"end":{"line":57,"column":20}},"loc":{"start":{"line":57,"column":41},"end":{"line":59,"column":3}},"line":57},"6":{"name":"(anonymous_6)","decl":{"start":{"line":61,"column":24},"end":{"line":61,"column":25}},"loc":{"start":{"line":61,"column":38},"end":{"line":64,"column":3}},"line":61}},"branchMap":{"0":{"loc":{"start":{"line":27,"column":2},"end":{"line":27,"column":18}},"type":"default-arg","locations":[{"start":{"line":27,"column":13},"end":{"line":27,"column":18}}],"line":27},"1":{"loc":{"start":{"line":28,"column":2},"end":{"line":28,"column":19}},"type":"default-arg","locations":[{"start":{"line":28,"column":17},"end":{"line":28,"column":19}}],"line":28},"2":{"loc":{"start":{"line":33,"column":35},"end":{"line":33,"column":52}},"type":"binary-expr","locations":[{"start":{"line":33,"column":35},"end":{"line":33,"column":46}},{"start":{"line":33,"column":50},"end":{"line":33,"column":52}}],"line":33},"3":{"loc":{"start":{"line":42,"column":23},"end":{"line":42,"column":70}},"type":"cond-expr","locations":[{"start":{"line":42,"column":34},"end":{"line":42,"column":49}},{"start":{"line":42,"column":52},"end":{"line":42,"column":70}}],"line":42},"4":{"loc":{"start":{"line":52,"column":4},"end":{"line":54,"column":5}},"type":"if","locations":[{"start":{"line":52,"column":4},"end":{"line":54,"column":5}},{"start":{},"end":{}}],"line":52},"5":{"loc":{"start":{"line":58,"column":4},"end":{"line":58,"column":60}},"type":"binary-expr","locations":[{"start":{"line":58,"column":4},"end":{"line":58,"column":30}},{"start":{"line":58,"column":34},"end":{"line":58,"column":60}}],"line":58}},"s":{"0":2,"1":6,"2":6,"3":6,"4":8,"5":6,"6":0,"7":6,"8":11,"9":6,"10":0,"11":0,"12":0,"13":6,"14":0,"15":6,"16":0,"17":0,"18":6},"f":{"0":6,"1":8,"2":0,"3":11,"4":0,"5":0,"6":0},"b":{"0":[2],"1":[2],"2":[8,8],"3":[0,11],"4":[0,0],"5":[0,0]},"_coverageSchema":"1a1c01bbd47fc00a2c39e90264f33305004495a9","hash":"d28dac19dbef0e26d66fb8d35b3977d01da14c29"}
,"/Users/matiassalicru/cor-commons/src/components/add-task/components/ProjectSearch/styles.ts": {"path":"/Users/matiassalicru/cor-commons/src/components/add-task/components/ProjectSearch/styles.ts","statementMap":{"0":{"start":{"line":6,"column":27},"end":{"line":6,"column":36}},"1":{"start":{"line":8,"column":25},"end":{"line":11,"column":1}},"2":{"start":{"line":13,"column":23},"end":{"line":25,"column":1}},"3":{"start":{"line":20,"column":48},"end":{"line":20,"column":64}},"4":{"start":{"line":23,"column":32},"end":{"line":23,"column":80}},"5":{"start":{"line":26,"column":21},"end":{"line":35,"column":2}}},"fnMap":{"0":{"name":"(anonymous_0)","decl":{"start":{"line":20,"column":27},"end":{"line":20,"column":28}},"loc":{"start":{"line":20,"column":48},"end":{"line":20,"column":64}},"line":20},"1":{"name":"(anonymous_1)","decl":{"start":{"line":23,"column":13},"end":{"line":23,"column":14}},"loc":{"start":{"line":23,"column":32},"end":{"line":23,"column":80}},"line":23}},"branchMap":{"0":{"loc":{"start":{"line":23,"column":32},"end":{"line":23,"column":80}},"type":"cond-expr","locations":[{"start":{"line":23,"column":43},"end":{"line":23,"column":61}},{"start":{"line":23,"column":64},"end":{"line":23,"column":80}}],"line":23}},"s":{"0":2,"1":2,"2":2,"3":11,"4":11,"5":2},"f":{"0":11,"1":11},"b":{"0":[0,11]},"_coverageSchema":"1a1c01bbd47fc00a2c39e90264f33305004495a9","hash":"a8812d9448a65b8a78e7c09635763e0262caf5d3"}
,"/Users/matiassalicru/cor-commons/src/components/add-task/components/ProjectSearch/ItemList/index.tsx": {"path":"/Users/matiassalicru/cor-commons/src/components/add-task/components/ProjectSearch/ItemList/index.tsx","statementMap":{"0":{"start":{"line":10,"column":51},"end":{"line":18,"column":1}},"1":{"start":{"line":11,"column":43},"end":{"line":11,"column":47}},"2":{"start":{"line":12,"column":2},"end":{"line":17,"column":3}}},"fnMap":{"0":{"name":"(anonymous_0)","decl":{"start":{"line":10,"column":51},"end":{"line":10,"column":52}},"loc":{"start":{"line":10,"column":79},"end":{"line":18,"column":1}},"line":10}},"branchMap":{},"s":{"0":3,"1":1,"2":1},"f":{"0":1},"b":{},"_coverageSchema":"1a1c01bbd47fc00a2c39e90264f33305004495a9","hash":"9149ce3e9548c652d76ce851321353ad5ed06e79"}
,"/Users/matiassalicru/cor-commons/src/components/add-task/components/ProjectSearch/ItemList/styles.ts": {"path":"/Users/matiassalicru/cor-commons/src/components/add-task/components/ProjectSearch/ItemList/styles.ts","statementMap":{"0":{"start":{"line":5,"column":23},"end":{"line":9,"column":1}}},"fnMap":{},"branchMap":{},"s":{"0":3},"f":{},"b":{},"_coverageSchema":"1a1c01bbd47fc00a2c39e90264f33305004495a9","hash":"35a73d23cab446760333b3eed7364cc3853c2348"}
,"/Users/matiassalicru/cor-commons/src/components/add-task/components/ProjectSearch/hooks/useProjects.ts": {"path":"/Users/matiassalicru/cor-commons/src/components/add-task/components/ProjectSearch/hooks/useProjects.ts","statementMap":{"0":{"start":{"line":6,"column":27},"end":{"line":50,"column":1}},"1":{"start":{"line":7,"column":34},"end":{"line":7,"column":66}},"2":{"start":{"line":8,"column":40},"end":{"line":8,"column":51}},"3":{"start":{"line":9,"column":48},"end":{"line":9,"column":59}},"4":{"start":{"line":10,"column":30},"end":{"line":10,"column":42}},"5":{"start":{"line":11,"column":32},"end":{"line":11,"column":46}},"6":{"start":{"line":13,"column":23},"end":{"line":26,"column":3}},"7":{"start":{"line":14,"column":4},"end":{"line":25,"column":5}},"8":{"start":{"line":15,"column":6},"end":{"line":24,"column":7}},"9":{"start":{"line":16,"column":8},"end":{"line":16,"column":24}},"10":{"start":{"line":17,"column":41},"end":{"line":17,"column":79}},"11":{"start":{"line":19,"column":8},"end":{"line":19,"column":33}},"12":{"start":{"line":20,"column":8},"end":{"line":20,"column":81}},"13":{"start":{"line":21,"column":8},"end":{"line":21,"column":43}},"14":{"start":{"line":23,"column":8},"end":{"line":23,"column":25}},"15":{"start":{"line":28,"column":22},"end":{"line":31,"column":3}},"16":{"start":{"line":29,"column":4},"end":{"line":29,"column":21}},"17":{"start":{"line":30,"column":4},"end":{"line":30,"column":19}},"18":{"start":{"line":33,"column":2},"end":{"line":38,"column":29}},"19":{"start":{"line":34,"column":4},"end":{"line":37,"column":5}},"20":{"start":{"line":35,"column":6},"end":{"line":35,"column":22}},"21":{"start":{"line":36,"column":6},"end":{"line":36,"column":20}},"22":{"start":{"line":40,"column":2},"end":{"line":49,"column":3}}},"fnMap":{"0":{"name":"(anonymous_0)","decl":{"start":{"line":6,"column":27},"end":{"line":6,"column":28}},"loc":{"start":{"line":6,"column":92},"end":{"line":50,"column":1}},"line":6},"1":{"name":"(anonymous_1)","decl":{"start":{"line":13,"column":23},"end":{"line":13,"column":24}},"loc":{"start":{"line":13,"column":35},"end":{"line":26,"column":3}},"line":13},"2":{"name":"(anonymous_2)","decl":{"start":{"line":28,"column":22},"end":{"line":28,"column":23}},"loc":{"start":{"line":28,"column":28},"end":{"line":31,"column":3}},"line":28},"3":{"name":"(anonymous_3)","decl":{"start":{"line":33,"column":12},"end":{"line":33,"column":13}},"loc":{"start":{"line":33,"column":18},"end":{"line":38,"column":3}},"line":33}},"branchMap":{"0":{"loc":{"start":{"line":14,"column":4},"end":{"line":25,"column":5}},"type":"if","locations":[{"start":{"line":14,"column":4},"end":{"line":25,"column":5}},{"start":{},"end":{}}],"line":14},"1":{"loc":{"start":{"line":20,"column":8},"end":{"line":20,"column":81}},"type":"cond-expr","locations":[{"start":{"line":20,"column":23},"end":{"line":20,"column":44}},{"start":{"line":20,"column":47},"end":{"line":20,"column":81}}],"line":20},"2":{"loc":{"start":{"line":20,"column":66},"end":{"line":20,"column":80}},"type":"binary-expr","locations":[{"start":{"line":20,"column":66},"end":{"line":20,"column":75}},{"start":{"line":20,"column":79},"end":{"line":20,"column":80}}],"line":20},"3":{"loc":{"start":{"line":34,"column":4},"end":{"line":37,"column":5}},"type":"if","locations":[{"start":{"line":34,"column":4},"end":{"line":37,"column":5}},{"start":{},"end":{}}],"line":34},"4":{"loc":{"start":{"line":34,"column":8},"end":{"line":34,"column":46}},"type":"binary-expr","locations":[{"start":{"line":34,"column":8},"end":{"line":34,"column":25}},{"start":{"line":34,"column":29},"end":{"line":34,"column":46}}],"line":34}},"s":{"0":2,"1":6,"2":6,"3":6,"4":6,"5":6,"6":6,"7":0,"8":0,"9":0,"10":0,"11":0,"12":0,"13":0,"14":0,"15":6,"16":0,"17":0,"18":6,"19":4,"20":0,"21":0,"22":6},"f":{"0":6,"1":0,"2":0,"3":4},"b":{"0":[0,0],"1":[0,0],"2":[0,0],"3":[0,4],"4":[4,0]},"_coverageSchema":"1a1c01bbd47fc00a2c39e90264f33305004495a9","hash":"04314fc127d73f9de58c1766e749329d4d687c9d"}
,"/Users/matiassalicru/cor-commons/src/components/add-task/utils/config.ts": {"path":"/Users/matiassalicru/cor-commons/src/components/add-task/utils/config.ts","statementMap":{"0":{"start":{"line":1,"column":28},"end":{"line":1,"column":37}},"1":{"start":{"line":2,"column":32},"end":{"line":4,"column":1}},"2":{"start":{"line":5,"column":33},"end":{"line":8,"column":1}}},"fnMap":{},"branchMap":{},"s":{"0":2,"1":2,"2":2},"f":{},"b":{},"_coverageSchema":"1a1c01bbd47fc00a2c39e90264f33305004495a9","hash":"9e79f17e8efe1dccb701d740909be29f75f663da"}
,"/Users/matiassalicru/cor-commons/src/components/alert-portal/AlertPortal.tsx": {"path":"/Users/matiassalicru/cor-commons/src/components/alert-portal/AlertPortal.tsx","statementMap":{"0":{"start":{"line":13,"column":15},"end":{"line":13,"column":17}},"1":{"start":{"line":14,"column":19},"end":{"line":14,"column":36}},"2":{"start":{"line":16,"column":19},"end":{"line":31,"column":1}},"3":{"start":{"line":33,"column":18},"end":{"line":48,"column":1}},"4":{"start":{"line":50,"column":21},"end":{"line":62,"column":21}},"5":{"start":{"line":64,"column":14},"end":{"line":88,"column":1}},"6":{"start":{"line":65,"column":2},"end":{"line":69,"column":24}},"7":{"start":{"line":66,"column":4},"end":{"line":68,"column":15}},"8":{"start":{"line":67,"column":6},"end":{"line":67,"column":15}},"9":{"start":{"line":71,"column":21},"end":{"line":71,"column":84}},"10":{"start":{"line":72,"column":18},"end":{"line":72,"column":30}},"11":{"start":{"line":74,"column":25},"end":{"line":76,"column":25}},"12":{"start":{"line":75,"column":4},"end":{"line":75,"column":46}},"13":{"start":{"line":75,"column":18},"end":{"line":75,"column":46}},"14":{"start":{"line":78,"column":2},"end":{"line":87,"column":3}},"15":{"start":{"line":91,"column":23},"end":{"line":91,"column":28}},"16":{"start":{"line":92,"column":19},"end":{"line":92,"column":57}},"17":{"start":{"line":93,"column":2},"end":{"line":93,"column":80}},"18":{"start":{"line":96,"column":0},"end":{"line":96,"column":39}}},"fnMap":{"0":{"name":"(anonymous_0)","decl":{"start":{"line":56,"column":11},"end":{"line":56,"column":12}},"loc":{"start":{"line":56,"column":17},"end":{"line":58,"column":3}},"line":56},"1":{"name":"(anonymous_1)","decl":{"start":{"line":64,"column":14},"end":{"line":64,"column":15}},"loc":{"start":{"line":64,"column":108},"end":{"line":88,"column":1}},"line":64},"2":{"name":"(anonymous_2)","decl":{"start":{"line":65,"column":12},"end":{"line":65,"column":13}},"loc":{"start":{"line":65,"column":18},"end":{"line":69,"column":3}},"line":65},"3":{"name":"(anonymous_3)","decl":{"start":{"line":66,"column":15},"end":{"line":66,"column":16}},"loc":{"start":{"line":66,"column":21},"end":{"line":68,"column":5}},"line":66},"4":{"name":"(anonymous_4)","decl":{"start":{"line":74,"column":37},"end":{"line":74,"column":38}},"loc":{"start":{"line":74,"column":43},"end":{"line":76,"column":3}},"line":74},"5":{"name":"AlertPortal","decl":{"start":{"line":90,"column":16},"end":{"line":90,"column":27}},"loc":{"start":{"line":90,"column":73},"end":{"line":94,"column":1}},"line":90}},"branchMap":{"0":{"loc":{"start":{"line":71,"column":21},"end":{"line":71,"column":84}},"type":"cond-expr","locations":[{"start":{"line":71,"column":62},"end":{"line":71,"column":72}},{"start":{"line":71,"column":75},"end":{"line":71,"column":84}}],"line":71},"1":{"loc":{"start":{"line":75,"column":4},"end":{"line":75,"column":46}},"type":"if","locations":[{"start":{"line":75,"column":4},"end":{"line":75,"column":46}},{"start":{},"end":{}}],"line":75},"2":{"loc":{"start":{"line":81,"column":9},"end":{"line":81,"column":44}},"type":"binary-expr","locations":[{"start":{"line":81,"column":9},"end":{"line":81,"column":13}},{"start":{"line":81,"column":17},"end":{"line":81,"column":44}}],"line":81},"3":{"loc":{"start":{"line":82,"column":9},"end":{"line":82,"column":76}},"type":"binary-expr","locations":[{"start":{"line":82,"column":9},"end":{"line":82,"column":16}},{"start":{"line":82,"column":20},"end":{"line":82,"column":76}}],"line":82},"4":{"loc":{"start":{"line":84,"column":51},"end":{"line":84,"column":81}},"type":"cond-expr","locations":[{"start":{"line":84,"column":62},"end":{"line":84,"column":76}},{"start":{"line":84,"column":79},"end":{"line":84,"column":81}}],"line":84},"5":{"loc":{"start":{"line":93,"column":9},"end":{"line":93,"column":80}},"type":"cond-expr","locations":[{"start":{"line":93,"column":20},"end":{"line":93,"column":73}},{"start":{"line":93,"column":76},"end":{"line":93,"column":80}}],"line":93}},"s":{"0":6,"1":6,"2":6,"3":6,"4":6,"5":6,"6":4,"7":4,"8":0,"9":4,"10":4,"11":4,"12":0,"13":0,"14":4,"15":7,"16":7,"17":7,"18":6},"f":{"0":0,"1":4,"2":4,"3":0,"4":0,"5":7},"b":{"0":[2,2],"1":[0,0],"2":[4,0],"3":[4,0],"4":[4,0],"5":[4,3]},"_coverageSchema":"1a1c01bbd47fc00a2c39e90264f33305004495a9","hash":"35759dda0850bdcc661a0bdf8501a93f1ef77b30"}
,"/Users/matiassalicru/cor-commons/src/components/alert-portal/index.ts": {"path":"/Users/matiassalicru/cor-commons/src/components/alert-portal/index.ts","statementMap":{},"fnMap":{},"branchMap":{},"s":{},"f":{},"b":{},"_coverageSchema":"1a1c01bbd47fc00a2c39e90264f33305004495a9","hash":"c313deb6f31f8335f34256a5c0f9fce6a67a09a1"}
,"/Users/matiassalicru/cor-commons/src/components/alert-portal/style.tsx": {"path":"/Users/matiassalicru/cor-commons/src/components/alert-portal/style.tsx","statementMap":{"0":{"start":{"line":5,"column":21},"end":{"line":9,"column":1}},"1":{"start":{"line":11,"column":20},"end":{"line":14,"column":1}},"2":{"start":{"line":16,"column":17},"end":{"line":19,"column":1}},"3":{"start":{"line":21,"column":18},"end":{"line":25,"column":1}},"4":{"start":{"line":27,"column":15},"end":{"line":32,"column":1}},"5":{"start":{"line":33,"column":16},"end":{"line":38,"column":1}},"6":{"start":{"line":39,"column":18},"end":{"line":44,"column":1}},"7":{"start":{"line":45,"column":16},"end":{"line":50,"column":1}},"8":{"start":{"line":51,"column":14},"end":{"line":56,"column":1}},"9":{"start":{"line":57,"column":17},"end":{"line":63,"column":1}},"10":{"start":{"line":65,"column":25},"end":{"line":69,"column":1}},"11":{"start":{"line":68,"column":22},"end":{"line":68,"column":41}},"12":{"start":{"line":71,"column":31},"end":{"line":82,"column":1}},"13":{"start":{"line":84,"column":23},"end":{"line":100,"column":1}},"14":{"start":{"line":95,"column":21},"end":{"line":95,"column":38}}},"fnMap":{"0":{"name":"(anonymous_0)","decl":{"start":{"line":68,"column":4},"end":{"line":68,"column":5}},"loc":{"start":{"line":68,"column":22},"end":{"line":68,"column":41}},"line":68},"1":{"name":"(anonymous_1)","decl":{"start":{"line":95,"column":4},"end":{"line":95,"column":5}},"loc":{"start":{"line":95,"column":21},"end":{"line":95,"column":38}},"line":95}},"branchMap":{},"s":{"0":6,"1":6,"2":6,"3":6,"4":6,"5":6,"6":6,"7":6,"8":6,"9":6,"10":6,"11":4,"12":6,"13":6,"14":4},"f":{"0":4,"1":4},"b":{},"_coverageSchema":"1a1c01bbd47fc00a2c39e90264f33305004495a9","hash":"3b55be0fe92f4d003fe679b077cd45c31a2724c6"}
,"/Users/matiassalicru/cor-commons/src/components/attachment-card-skeleton/AttachmentCardSkeleton.tsx": {"path":"/Users/matiassalicru/cor-commons/src/components/attachment-card-skeleton/AttachmentCardSkeleton.tsx","statementMap":{"0":{"start":{"line":6,"column":17},"end":{"line":15,"column":1}},"1":{"start":{"line":18,"column":30},"end":{"line":18,"column":49}},"2":{"start":{"line":19,"column":2},"end":{"line":19,"column":29}},"3":{"start":{"line":21,"column":2},"end":{"line":35,"column":3}},"4":{"start":{"line":24,"column":26},"end":{"line":24,"column":37}},"5":{"start":{"line":25,"column":8},"end":{"line":32,"column":9}}},"fnMap":{"0":{"name":"AttachmentCardSkeleton","decl":{"start":{"line":17,"column":16},"end":{"line":17,"column":38}},"loc":{"start":{"line":17,"column":96},"end":{"line":36,"column":1}},"line":17},"1":{"name":"(anonymous_1)","decl":{"start":{"line":23,"column":31},"end":{"line":23,"column":32}},"loc":{"start":{"line":23,"column":36},"end":{"line":33,"column":7}},"line":23}},"branchMap":{},"s":{"0":1,"1":2,"2":2,"3":2,"4":4,"5":4},"f":{"0":2,"1":4},"b":{},"_coverageSchema":"1a1c01bbd47fc00a2c39e90264f33305004495a9","hash":"8a7a85c95b43c7e3b14f8b3c9d60cd01516ba4c8"}
,"/Users/matiassalicru/cor-commons/src/components/attachment-card-skeleton/style.tsx": {"path":"/Users/matiassalicru/cor-commons/src/components/attachment-card-skeleton/style.tsx","statementMap":{"0":{"start":{"line":5,"column":22},"end":{"line":12,"column":1}},"1":{"start":{"line":14,"column":26},"end":{"line":16,"column":1}},"2":{"start":{"line":18,"column":30},"end":{"line":34,"column":1}},"3":{"start":{"line":36,"column":22},"end":{"line":41,"column":1}},"4":{"start":{"line":43,"column":22},"end":{"line":49,"column":1}}},"fnMap":{},"branchMap":{},"s":{"0":1,"1":1,"2":1,"3":1,"4":1},"f":{},"b":{},"_coverageSchema":"1a1c01bbd47fc00a2c39e90264f33305004495a9","hash":"ddd4d01d0694c27e1075a4e9f6f955c370fa39ed"}
,"/Users/matiassalicru/cor-commons/src/components/autocomplete/Autocomplete.tsx": {"path":"/Users/matiassalicru/cor-commons/src/components/autocomplete/Autocomplete.tsx","statementMap":{"0":{"start":{"line":18,"column":25},"end":{"line":18,"column":29}},"1":{"start":{"line":32,"column":42},"end":{"line":32,"column":54}},"2":{"start":{"line":37,"column":25},"end":{"line":39,"column":3}},"3":{"start":{"line":38,"column":4},"end":{"line":38,"column":26}},"4":{"start":{"line":44,"column":30},"end":{"line":55,"column":3}},"5":{"start":{"line":49,"column":4},"end":{"line":51,"column":5}},"6":{"start":{"line":50,"column":6},"end":{"line":50,"column":36}},"7":{"start":{"line":52,"column":4},"end":{"line":54,"column":5}},"8":{"start":{"line":53,"column":6},"end":{"line":53,"column":25}},"9":{"start":{"line":57,"column":24},"end":{"line":62,"column":3}},"10":{"start":{"line":58,"column":4},"end":{"line":58,"column":30}},"11":{"start":{"line":58,"column":21},"end":{"line":58,"column":30}},"12":{"start":{"line":59,"column":4},"end":{"line":61,"column":5}},"13":{"start":{"line":64,"column":2},"end":{"line":98,"column":3}},"14":{"start":{"line":82,"column":10},"end":{"line":94,"column":12}}},"fnMap":{"0":{"name":"Autocomplete","decl":{"start":{"line":14,"column":16},"end":{"line":14,"column":28}},"loc":{"start":{"line":31,"column":36},"end":{"line":99,"column":1}},"line":31},"1":{"name":"(anonymous_1)","decl":{"start":{"line":18,"column":19},"end":{"line":18,"column":20}},"loc":{"start":{"line":18,"column":25},"end":{"line":18,"column":29}},"line":18},"2":{"name":"(anonymous_2)","decl":{"start":{"line":37,"column":25},"end":{"line":37,"column":26}},"loc":{"start":{"line":37,"column":62},"end":{"line":39,"column":3}},"line":37},"3":{"name":"(anonymous_3)","decl":{"start":{"line":44,"column":30},"end":{"line":44,"column":31}},"loc":{"start":{"line":48,"column":7},"end":{"line":55,"column":3}},"line":48},"4":{"name":"(anonymous_4)","decl":{"start":{"line":57,"column":24},"end":{"line":57,"column":25}},"loc":{"start":{"line":57,"column":30},"end":{"line":62,"column":3}},"line":57},"5":{"name":"(anonymous_5)","decl":{"start":{"line":81,"column":21},"end":{"line":81,"column":22}},"loc":{"start":{"line":82,"column":10},"end":{"line":94,"column":12}},"line":82}},"branchMap":{"0":{"loc":{"start":{"line":15,"column":2},"end":{"line":15,"column":14}},"type":"default-arg","locations":[{"start":{"line":15,"column":12},"end":{"line":15,"column":14}}],"line":15},"1":{"loc":{"start":{"line":18,"column":2},"end":{"line":18,"column":29}},"type":"default-arg","locations":[{"start":{"line":18,"column":19},"end":{"line":18,"column":29}}],"line":18},"2":{"loc":{"start":{"line":21,"column":2},"end":{"line":24,"column":3}},"type":"default-arg","locations":[{"start":{"line":21,"column":17},"end":{"line":24,"column":3}}],"line":21},"3":{"loc":{"start":{"line":25,"column":2},"end":{"line":25,"column":51}},"type":"default-arg","locations":[{"start":{"line":25,"column":12},"end":{"line":25,"column":51}}],"line":25},"4":{"loc":{"start":{"line":26,"column":2},"end":{"line":26,"column":12}},"type":"default-arg","locations":[{"start":{"line":26,"column":10},"end":{"line":26,"column":12}}],"line":26},"5":{"loc":{"start":{"line":27,"column":2},"end":{"line":27,"column":17}},"type":"default-arg","locations":[{"start":{"line":27,"column":15},"end":{"line":27,"column":17}}],"line":27},"6":{"loc":{"start":{"line":29,"column":2},"end":{"line":29,"column":18}},"type":"default-arg","locations":[{"start":{"line":29,"column":13},"end":{"line":29,"column":18}}],"line":29},"7":{"loc":{"start":{"line":30,"column":2},"end":{"line":30,"column":19}},"type":"default-arg","locations":[{"start":{"line":30,"column":17},"end":{"line":30,"column":19}}],"line":30},"8":{"loc":{"start":{"line":49,"column":4},"end":{"line":51,"column":5}},"type":"if","locations":[{"start":{"line":49,"column":4},"end":{"line":51,"column":5}},{"start":{},"end":{}}],"line":49},"9":{"loc":{"start":{"line":52,"column":4},"end":{"line":54,"column":5}},"type":"if","locations":[{"start":{"line":52,"column":4},"end":{"line":54,"column":5}},{"start":{},"end":{}}],"line":52},"10":{"loc":{"start":{"line":58,"column":4},"end":{"line":58,"column":30}},"type":"if","locations":[{"start":{"line":58,"column":4},"end":{"line":58,"column":30}},{"start":{},"end":{}}],"line":58},"11":{"loc":{"start":{"line":93,"column":24},"end":{"line":93,"column":52}},"type":"cond-expr","locations":[{"start":{"line":93,"column":35},"end":{"line":93,"column":47}},{"start":{"line":93,"column":50},"end":{"line":93,"column":52}}],"line":93}},"s":{"0":3,"1":5,"2":5,"3":1,"4":5,"5":2,"6":0,"7":2,"8":2,"9":5,"10":5,"11":4,"12":1,"13":5,"14":14},"f":{"0":5,"1":3,"2":1,"3":2,"4":5,"5":14},"b":{"0":[0],"1":[5],"2":[0],"3":[5],"4":[5],"5":[4],"6":[4],"7":[4],"8":[0,2],"9":[2,0],"10":[4,1],"11":[2,12]},"_coverageSchema":"1a1c01bbd47fc00a2c39e90264f33305004495a9","hash":"eb37904828206dfc01c168245f2cde1e91f19aab"}
,"/Users/matiassalicru/cor-commons/src/components/autocomplete/style.tsx": {"path":"/Users/matiassalicru/cor-commons/src/components/autocomplete/style.tsx","statementMap":{"0":{"start":{"line":4,"column":25},"end":{"line":34,"column":1}},"1":{"start":{"line":10,"column":29},"end":{"line":10,"column":75}},"2":{"start":{"line":33,"column":22},"end":{"line":33,"column":61}}},"fnMap":{"0":{"name":"(anonymous_0)","decl":{"start":{"line":10,"column":6},"end":{"line":10,"column":7}},"loc":{"start":{"line":10,"column":29},"end":{"line":10,"column":75}},"line":10},"1":{"name":"(anonymous_1)","decl":{"start":{"line":33,"column":4},"end":{"line":33,"column":5}},"loc":{"start":{"line":33,"column":22},"end":{"line":33,"column":61}},"line":33}},"branchMap":{"0":{"loc":{"start":{"line":10,"column":29},"end":{"line":10,"column":75}},"type":"binary-expr","locations":[{"start":{"line":10,"column":29},"end":{"line":10,"column":42}},{"start":{"line":10,"column":46},"end":{"line":10,"column":75}}],"line":10},"1":{"loc":{"start":{"line":33,"column":22},"end":{"line":33,"column":61}},"type":"binary-expr","locations":[{"start":{"line":33,"column":22},"end":{"line":33,"column":30}},{"start":{"line":33,"column":34},"end":{"line":33,"column":61}}],"line":33}},"s":{"0":1,"1":5,"2":5},"f":{"0":5,"1":5},"b":{"0":[5,1],"1":[5,1]},"_coverageSchema":"1a1c01bbd47fc00a2c39e90264f33305004495a9","hash":"5b07932a45e9984a5b60af4fece52252746bbfc0"}
,"/Users/matiassalicru/cor-commons/src/components/avatar-user/AvatarUser.tsx": {"path":"/Users/matiassalicru/cor-commons/src/components/avatar-user/AvatarUser.tsx","statementMap":{"0":{"start":{"line":6,"column":27},"end":{"line":6,"column":45}},"1":{"start":{"line":14,"column":28},"end":{"line":14,"column":43}},"2":{"start":{"line":20,"column":2},"end":{"line":22,"column":15}},"3":{"start":{"line":21,"column":4},"end":{"line":21,"column":19}},"4":{"start":{"line":24,"column":27},"end":{"line":26,"column":8}},"5":{"start":{"line":25,"column":4},"end":{"line":25,"column":18}},"6":{"start":{"line":28,"column":28},"end":{"line":28,"column":76}},"7":{"start":{"line":28,"column":42},"end":{"line":28,"column":71}},"8":{"start":{"line":30,"column":23},"end":{"line":30,"column":82}},"9":{"start":{"line":30,"column":37},"end":{"line":30,"column":58}},"10":{"start":{"line":32,"column":2},"end":{"line":50,"column":3}}},"fnMap":{"0":{"name":"AvatarUser","decl":{"start":{"line":8,"column":16},"end":{"line":8,"column":26}},"loc":{"start":{"line":13,"column":34},"end":{"line":51,"column":1}},"line":13},"1":{"name":"(anonymous_1)","decl":{"start":{"line":20,"column":12},"end":{"line":20,"column":13}},"loc":{"start":{"line":20,"column":18},"end":{"line":22,"column":3}},"line":20},"2":{"name":"(anonymous_2)","decl":{"start":{"line":24,"column":39},"end":{"line":24,"column":40}},"loc":{"start":{"line":24,"column":45},"end":{"line":26,"column":3}},"line":24},"3":{"name":"(anonymous_3)","decl":{"start":{"line":28,"column":36},"end":{"line":28,"column":37}},"loc":{"start":{"line":28,"column":42},"end":{"line":28,"column":71}},"line":28},"4":{"name":"(anonymous_4)","decl":{"start":{"line":30,"column":31},"end":{"line":30,"column":32}},"loc":{"start":{"line":30,"column":37},"end":{"line":30,"column":58}},"line":30}},"branchMap":{"0":{"loc":{"start":{"line":9,"column":2},"end":{"line":9,"column":30}},"type":"default-arg","locations":[{"start":{"line":9,"column":12},"end":{"line":9,"column":30}}],"line":9},"1":{"loc":{"start":{"line":10,"column":2},"end":{"line":10,"column":25}},"type":"default-arg","locations":[{"start":{"line":10,"column":9},"end":{"line":10,"column":25}}],"line":10},"2":{"loc":{"start":{"line":30,"column":37},"end":{"line":30,"column":58}},"type":"binary-expr","locations":[{"start":{"line":30,"column":37},"end":{"line":30,"column":46}},{"start":{"line":30,"column":50},"end":{"line":30,"column":58}}],"line":30},"3":{"loc":{"start":{"line":34,"column":7},"end":{"line":48,"column":7}},"type":"cond-expr","locations":[{"start":{"line":35,"column":8},"end":{"line":40,"column":27}},{"start":{"line":42,"column":8},"end":{"line":47,"column":10}}],"line":34},"4":{"loc":{"start":{"line":34,"column":7},"end":{"line":34,"column":45}},"type":"binary-expr","locations":[{"start":{"line":34,"column":7},"end":{"line":34,"column":24}},{"start":{"line":34,"column":28},"end":{"line":34,"column":36}},{"start":{"line":34,"column":40},"end":{"line":34,"column":45}}],"line":34},"5":{"loc":{"start":{"line":37,"column":13},"end":{"line":37,"column":38}},"type":"binary-expr","locations":[{"start":{"line":37,"column":13},"end":{"line":37,"column":22}},{"start":{"line":37,"column":26},"end":{"line":37,"column":38}}],"line":37},"6":{"loc":{"start":{"line":38,"column":13},"end":{"line":38,"column":36}},"type":"binary-expr","locations":[{"start":{"line":38,"column":13},"end":{"line":38,"column":21}},{"start":{"line":38,"column":25},"end":{"line":38,"column":36}}],"line":38},"7":{"loc":{"start":{"line":43,"column":18},"end":{"line":43,"column":40}},"type":"binary-expr","locations":[{"start":{"line":43,"column":18},"end":{"line":43,"column":27}},{"start":{"line":43,"column":31},"end":{"line":43,"column":40}}],"line":43},"8":{"loc":{"start":{"line":43,"column":44},"end":{"line":43,"column":64}},"type":"binary-expr","locations":[{"start":{"line":43,"column":44},"end":{"line":43,"column":52}},{"start":{"line":43,"column":56},"end":{"line":43,"column":64}}],"line":43}},"s":{"0":14,"1":36,"2":36,"3":36,"4":36,"5":0,"6":36,"7":36,"8":36,"9":36,"10":36},"f":{"0":36,"1":36,"2":0,"3":36,"4":36},"b":{"0":[17],"1":[0],"2":[36,18],"3":[25,11],"4":[36,19,11],"5":[25,9],"6":[25,7],"7":[11,9],"8":[11,9]},"_coverageSchema":"1a1c01bbd47fc00a2c39e90264f33305004495a9","hash":"d2f4d3a4b2e5ba7ae94dca58cfa9bdfdc6f60d4f"}
,"/Users/matiassalicru/cor-commons/src/components/avatar-user/index.ts": {"path":"/Users/matiassalicru/cor-commons/src/components/avatar-user/index.ts","statementMap":{},"fnMap":{},"branchMap":{},"s":{},"f":{},"b":{},"_coverageSchema":"1a1c01bbd47fc00a2c39e90264f33305004495a9","hash":"3106443edb7e4c2808abbf9e16c96aaf2671d3ed"}
,"/Users/matiassalicru/cor-commons/src/components/avatar-user/style.tsx": {"path":"/Users/matiassalicru/cor-commons/src/components/avatar-user/style.tsx","statementMap":{"0":{"start":{"line":4,"column":14},"end":{"line":4,"column":16}},"1":{"start":{"line":5,"column":15},"end":{"line":5,"column":17}},"2":{"start":{"line":6,"column":14},"end":{"line":6,"column":16}},"3":{"start":{"line":7,"column":13},"end":{"line":7,"column":15}},"4":{"start":{"line":8,"column":17},"end":{"line":8,"column":19}},"5":{"start":{"line":10,"column":16},"end":{"line":25,"column":1}},"6":{"start":{"line":11,"column":2},"end":{"line":24,"column":3}},"7":{"start":{"line":13,"column":6},"end":{"line":13,"column":70}},"8":{"start":{"line":15,"column":6},"end":{"line":15,"column":72}},"9":{"start":{"line":17,"column":6},"end":{"line":17,"column":70}},"10":{"start":{"line":19,"column":6},"end":{"line":19,"column":68}},"11":{"start":{"line":21,"column":6},"end":{"line":21,"column":76}},"12":{"start":{"line":23,"column":6},"end":{"line":23,"column":70}},"13":{"start":{"line":27,"column":24},"end":{"line":30,"column":1}},"14":{"start":{"line":28,"column":18},"end":{"line":28,"column":31}},"15":{"start":{"line":32,"column":32},"end":{"line":40,"column":1}},"16":{"start":{"line":36,"column":34},"end":{"line":36,"column":65}},"17":{"start":{"line":37,"column":18},"end":{"line":37,"column":31}},"18":{"start":{"line":42,"column":30},"end":{"line":45,"column":1}}},"fnMap":{"0":{"name":"(anonymous_0)","decl":{"start":{"line":10,"column":16},"end":{"line":10,"column":17}},"loc":{"start":{"line":10,"column":31},"end":{"line":25,"column":1}},"line":10},"1":{"name":"(anonymous_1)","decl":{"start":{"line":28,"column":4},"end":{"line":28,"column":5}},"loc":{"start":{"line":28,"column":18},"end":{"line":28,"column":31}},"line":28},"2":{"name":"(anonymous_2)","decl":{"start":{"line":36,"column":16},"end":{"line":36,"column":17}},"loc":{"start":{"line":36,"column":34},"end":{"line":36,"column":65}},"line":36},"3":{"name":"(anonymous_3)","decl":{"start":{"line":37,"column":4},"end":{"line":37,"column":5}},"loc":{"start":{"line":37,"column":18},"end":{"line":37,"column":31}},"line":37}},"branchMap":{"0":{"loc":{"start":{"line":11,"column":2},"end":{"line":24,"column":3}},"type":"switch","locations":[{"start":{"line":12,"column":4},"end":{"line":13,"column":70}},{"start":{"line":14,"column":4},"end":{"line":15,"column":72}},{"start":{"line":16,"column":4},"end":{"line":17,"column":70}},{"start":{"line":18,"column":4},"end":{"line":19,"column":68}},{"start":{"line":20,"column":4},"end":{"line":21,"column":76}},{"start":{"line":22,"column":4},"end":{"line":23,"column":70}}],"line":11},"1":{"loc":{"start":{"line":36,"column":34},"end":{"line":36,"column":65}},"type":"cond-expr","locations":[{"start":{"line":36,"column":44},"end":{"line":36,"column":53}},{"start":{"line":36,"column":56},"end":{"line":36,"column":65}}],"line":36}},"s":{"0":14,"1":14,"2":14,"3":14,"4":14,"5":14,"6":36,"7":4,"8":1,"9":28,"10":2,"11":0,"12":1,"13":14,"14":11,"15":14,"16":25,"17":25,"18":14},"f":{"0":36,"1":11,"2":25,"3":25},"b":{"0":[4,1,28,2,0,1],"1":[7,18]},"_coverageSchema":"1a1c01bbd47fc00a2c39e90264f33305004495a9","hash":"cd80fd1c242d702ee0495d8e0f4023bb2f05d563"}
,"/Users/matiassalicru/cor-commons/src/components/bar-progress/BarProgress.tsx": {"path":"/Users/matiassalicru/cor-commons/src/components/bar-progress/BarProgress.tsx","statementMap":{"0":{"start":{"line":13,"column":21},"end":{"line":19,"column":20}},"1":{"start":{"line":28,"column":34},"end":{"line":28,"column":45}},"2":{"start":{"line":30,"column":2},"end":{"line":32,"column":16}},"3":{"start":{"line":31,"column":4},"end":{"line":31,"column":25}},"4":{"start":{"line":34,"column":2},"end":{"line":39,"column":3}},"5":{"start":{"line":42,"column":0},"end":{"line":42,"column":39}}},"fnMap":{"0":{"name":"BarProgress","decl":{"start":{"line":21,"column":16},"end":{"line":21,"column":27}},"loc":{"start":{"line":27,"column":34},"end":{"line":40,"column":1}},"line":27},"1":{"name":"(anonymous_1)","decl":{"start":{"line":30,"column":12},"end":{"line":30,"column":13}},"loc":{"start":{"line":30,"column":18},"end":{"line":32,"column":3}},"line":30}},"branchMap":{},"s":{"0":2,"1":5,"2":5,"3":4,"4":5,"5":2},"f":{"0":5,"1":4},"b":{},"_coverageSchema":"1a1c01bbd47fc00a2c39e90264f33305004495a9","hash":"09ee0721cf8845c174db9d13ccc0a0591b015293"}
,"/Users/matiassalicru/cor-commons/src/components/bar-progress/style.tsx": {"path":"/Users/matiassalicru/cor-commons/src/components/bar-progress/style.tsx","statementMap":{"0":{"start":{"line":4,"column":12},"end":{"line":8,"column":1}},"1":{"start":{"line":10,"column":29},"end":{"line":15,"column":1}},"2":{"start":{"line":13,"column":32},"end":{"line":13,"column":49}},"3":{"start":{"line":14,"column":41},"end":{"line":14,"column":60}},"4":{"start":{"line":17,"column":25},"end":{"line":21,"column":1}},"5":{"start":{"line":19,"column":35},"end":{"line":19,"column":44}},"6":{"start":{"line":23,"column":28},"end":{"line":30,"column":1}},"7":{"start":{"line":24,"column":29},"end":{"line":24,"column":43}},"8":{"start":{"line":26,"column":4},"end":{"line":26,"column":19}}},"fnMap":{"0":{"name":"(anonymous_0)","decl":{"start":{"line":13,"column":12},"end":{"line":13,"column":13}},"loc":{"start":{"line":13,"column":32},"end":{"line":13,"column":49}},"line":13},"1":{"name":"(anonymous_1)","decl":{"start":{"line":14,"column":19},"end":{"line":14,"column":20}},"loc":{"start":{"line":14,"column":41},"end":{"line":14,"column":60}},"line":14},"2":{"name":"(anonymous_2)","decl":{"start":{"line":19,"column":16},"end":{"line":19,"column":17}},"loc":{"start":{"line":19,"column":35},"end":{"line":19,"column":44}},"line":19},"3":{"name":"(anonymous_3)","decl":{"start":{"line":24,"column":11},"end":{"line":24,"column":12}},"loc":{"start":{"line":24,"column":29},"end":{"line":24,"column":43}},"line":24},"4":{"name":"(anonymous_4)","decl":{"start":{"line":25,"column":16},"end":{"line":25,"column":17}},"loc":{"start":{"line":25,"column":34},"end":{"line":27,"column":3}},"line":25}},"branchMap":{},"s":{"0":2,"1":2,"2":5,"3":5,"4":2,"5":5,"6":2,"7":5,"8":5},"f":{"0":5,"1":5,"2":5,"3":5,"4":5},"b":{},"_coverageSchema":"1a1c01bbd47fc00a2c39e90264f33305004495a9","hash":"c5722f2a35dce0a6a0219ecd7499763d0bd78eb7"}
,"/Users/matiassalicru/cor-commons/src/components/breadCrumb/BreadCrumb.tsx": {"path":"/Users/matiassalicru/cor-commons/src/components/breadCrumb/BreadCrumb.tsx","statementMap":{"0":{"start":{"line":7,"column":31},"end":{"line":7,"column":33}},"1":{"start":{"line":9,"column":26},"end":{"line":68,"column":1}},"2":{"start":{"line":17,"column":30},"end":{"line":60,"column":3}},"3":{"start":{"line":18,"column":43},"end":{"line":18,"column":45}},"4":{"start":{"line":19,"column":4},"end":{"line":32,"column":5}},"5":{"start":{"line":20,"column":6},"end":{"line":29,"column":7}},"6":{"start":{"line":31,"column":6},"end":{"line":31,"column":108}},"7":{"start":{"line":33,"column":4},"end":{"line":47,"column":5}},"8":{"start":{"line":34,"column":6},"end":{"line":43,"column":7}},"9":{"start":{"line":45,"column":6},"end":{"line":46,"column":111}},"10":{"start":{"line":48,"column":4},"end":{"line":58,"column":7}},"11":{"start":{"line":59,"column":4},"end":{"line":59,"column":25}},"12":{"start":{"line":61,"column":2},"end":{"line":67,"column":3}}},"fnMap":{"0":{"name":"(anonymous_0)","decl":{"start":{"line":9,"column":26},"end":{"line":9,"column":27}},"loc":{"start":{"line":16,"column":37},"end":{"line":68,"column":1}},"line":16},"1":{"name":"(anonymous_1)","decl":{"start":{"line":17,"column":30},"end":{"line":17,"column":31}},"loc":{"start":{"line":17,"column":36},"end":{"line":60,"column":3}},"line":17}},"branchMap":{"0":{"loc":{"start":{"line":10,"column":2},"end":{"line":10,"column":16}},"type":"default-arg","locations":[{"start":{"line":10,"column":14},"end":{"line":10,"column":16}}],"line":10},"1":{"loc":{"start":{"line":11,"column":2},"end":{"line":11,"column":17}},"type":"default-arg","locations":[{"start":{"line":11,"column":15},"end":{"line":11,"column":17}}],"line":11},"2":{"loc":{"start":{"line":12,"column":2},"end":{"line":12,"column":18}},"type":"default-arg","locations":[{"start":{"line":12,"column":16},"end":{"line":12,"column":18}}],"line":12},"3":{"loc":{"start":{"line":13,"column":2},"end":{"line":13,"column":24}},"type":"default-arg","locations":[{"start":{"line":13,"column":22},"end":{"line":13,"column":24}}],"line":13},"4":{"loc":{"start":{"line":14,"column":2},"end":{"line":14,"column":25}},"type":"default-arg","locations":[{"start":{"line":14,"column":23},"end":{"line":14,"column":25}}],"line":14},"5":{"loc":{"start":{"line":15,"column":2},"end":{"line":15,"column":19}},"type":"default-arg","locations":[{"start":{"line":15,"column":10},"end":{"line":15,"column":19}}],"line":15},"6":{"loc":{"start":{"line":19,"column":4},"end":{"line":32,"column":5}},"type":"if","locations":[{"start":{"line":19,"column":4},"end":{"line":32,"column":5}},{"start":{"line":30,"column":11},"end":{"line":32,"column":5}}],"line":19},"7":{"loc":{"start":{"line":33,"column":4},"end":{"line":47,"column":5}},"type":"if","locations":[{"start":{"line":33,"column":4},"end":{"line":47,"column":5}},{"start":{"line":44,"column":11},"end":{"line":47,"column":5}}],"line":33},"8":{"loc":{"start":{"line":45,"column":6},"end":{"line":46,"column":111}},"type":"binary-expr","locations":[{"start":{"line":45,"column":6},"end":{"line":45,"column":24}},{"start":{"line":46,"column":8},"end":{"line":46,"column":111}}],"line":45},"9":{"loc":{"start":{"line":48,"column":4},"end":{"line":58,"column":7}},"type":"binary-expr","locations":[{"start":{"line":48,"column":4},"end":{"line":48,"column":13}},{"start":{"line":49,"column":6},"end":{"line":58,"column":7}}],"line":48}},"s":{"0":5,"1":5,"2":12,"3":12,"4":12,"5":2,"6":10,"7":12,"8":3,"9":9,"10":12,"11":12,"12":12},"f":{"0":12,"1":12},"b":{"0":[1],"1":[2],"2":[1],"3":[3],"4":[3],"5":[9],"6":[2,10],"7":[3,9],"8":[9,1],"9":[12,3]},"_coverageSchema":"1a1c01bbd47fc00a2c39e90264f33305004495a9","hash":"2a8f3d6c0cbbac88e1b1fed6cd0524eb9f242c23"}
,"/Users/matiassalicru/cor-commons/src/components/breadCrumb/index.ts": {"path":"/Users/matiassalicru/cor-commons/src/components/breadCrumb/index.ts","statementMap":{},"fnMap":{},"branchMap":{},"s":{},"f":{},"b":{},"_coverageSchema":"1a1c01bbd47fc00a2c39e90264f33305004495a9","hash":"3d8c3295bc6fd1f34f59a513e01d0b8239949d25"}
,"/Users/matiassalicru/cor-commons/src/components/breadCrumb/style.ts": {"path":"/Users/matiassalicru/cor-commons/src/components/breadCrumb/style.ts","statementMap":{"0":{"start":{"line":9,"column":36},"end":{"line":18,"column":1}},"1":{"start":{"line":11,"column":31},"end":{"line":11,"column":62}},"2":{"start":{"line":12,"column":38},"end":{"line":12,"column":90}},"3":{"start":{"line":19,"column":32},"end":{"line":26,"column":1}}},"fnMap":{"0":{"name":"(anonymous_0)","decl":{"start":{"line":11,"column":15},"end":{"line":11,"column":16}},"loc":{"start":{"line":11,"column":31},"end":{"line":11,"column":62}},"line":11},"1":{"name":"(anonymous_1)","decl":{"start":{"line":12,"column":22},"end":{"line":12,"column":23}},"loc":{"start":{"line":12,"column":38},"end":{"line":12,"column":90}},"line":12}},"branchMap":{"0":{"loc":{"start":{"line":11,"column":31},"end":{"line":11,"column":62}},"type":"cond-expr","locations":[{"start":{"line":11,"column":51},"end":{"line":11,"column":54}},{"start":{"line":11,"column":57},"end":{"line":11,"column":62}}],"line":11},"1":{"loc":{"start":{"line":12,"column":38},"end":{"line":12,"column":90}},"type":"cond-expr","locations":[{"start":{"line":12,"column":58},"end":{"line":12,"column":71}},{"start":{"line":12,"column":74},"end":{"line":12,"column":90}}],"line":12}},"s":{"0":5,"1":12,"2":12,"3":5},"f":{"0":12,"1":12},"b":{"0":[1,11],"1":[1,11]},"_coverageSchema":"1a1c01bbd47fc00a2c39e90264f33305004495a9","hash":"bb00eaa7196da78f15d4dc027802ad41928920b8"}
,"/Users/matiassalicru/cor-commons/src/components/bulk-actions/BulkActions.tsx": {"path":"/Users/matiassalicru/cor-commons/src/components/bulk-actions/BulkActions.tsx","statementMap":{"0":{"start":{"line":21,"column":63},"end":{"line":169,"column":1}},"1":{"start":{"line":32,"column":36},"end":{"line":32,"column":48}},"2":{"start":{"line":33,"column":34},"end":{"line":33,"column":49}},"3":{"start":{"line":34,"column":34},"end":{"line":34,"column":49}},"4":{"start":{"line":35,"column":38},"end":{"line":35,"column":52}},"5":{"start":{"line":36,"column":16},"end":{"line":36,"column":44}},"6":{"start":{"line":38,"column":17},"end":{"line":40,"column":8}},"7":{"start":{"line":39,"column":4},"end":{"line":39,"column":21}},"8":{"start":{"line":44,"column":17},"end":{"line":46,"column":8}},"9":{"start":{"line":45,"column":4},"end":{"line":45,"column":21}},"10":{"start":{"line":51,"column":18},"end":{"line":54,"column":8}},"11":{"start":{"line":52,"column":4},"end":{"line":52,"column":24}},"12":{"start":{"line":53,"column":4},"end":{"line":53,"column":22}},"13":{"start":{"line":59,"column":18},"end":{"line":61,"column":8}},"14":{"start":{"line":60,"column":4},"end":{"line":60,"column":22}},"15":{"start":{"line":63,"column":27},"end":{"line":66,"column":8}},"16":{"start":{"line":64,"column":4},"end":{"line":64,"column":13}},"17":{"start":{"line":65,"column":4},"end":{"line":65,"column":13}},"18":{"start":{"line":71,"column":21},"end":{"line":78,"column":8}},"19":{"start":{"line":72,"column":4},"end":{"line":72,"column":24}},"20":{"start":{"line":73,"column":4},"end":{"line":73,"column":22}},"21":{"start":{"line":74,"column":4},"end":{"line":74,"column":23}},"22":{"start":{"line":75,"column":4},"end":{"line":77,"column":6}},"23":{"start":{"line":83,"column":19},"end":{"line":86,"column":8}},"24":{"start":{"line":84,"column":4},"end":{"line":84,"column":13}},"25":{"start":{"line":85,"column":4},"end":{"line":85,"column":12}},"26":{"start":{"line":88,"column":38},"end":{"line":94,"column":8}},"27":{"start":{"line":89,"column":4},"end":{"line":93,"column":6}},"28":{"start":{"line":96,"column":27},"end":{"line":109,"column":8}},"29":{"start":{"line":97,"column":4},"end":{"line":97,"column":48}},"30":{"start":{"line":98,"column":4},"end":{"line":105,"column":5}},"31":{"start":{"line":99,"column":6},"end":{"line":102,"column":7}},"32":{"start":{"line":100,"column":27},"end":{"line":100,"column":63}},"33":{"start":{"line":101,"column":8},"end":{"line":101,"column":32}},"34":{"start":{"line":104,"column":6},"end":{"line":104,"column":24}},"35":{"start":{"line":107,"column":4},"end":{"line":107,"column":12}},"36":{"start":{"line":108,"column":4},"end":{"line":108,"column":13}},"37":{"start":{"line":111,"column":22},"end":{"line":113,"column":3}},"38":{"start":{"line":115,"column":32},"end":{"line":119,"column":3}},"39":{"start":{"line":116,"column":4},"end":{"line":116,"column":13}},"40":{"start":{"line":117,"column":4},"end":{"line":117,"column":20}},"41":{"start":{"line":118,"column":4},"end":{"line":118,"column":34}},"42":{"start":{"line":121,"column":2},"end":{"line":168,"column":3}}},"fnMap":{"0":{"name":"(anonymous_0)","decl":{"start":{"line":21,"column":63},"end":{"line":21,"column":64}},"loc":{"start":{"line":31,"column":6},"end":{"line":169,"column":1}},"line":31},"1":{"name":"(anonymous_1)","decl":{"start":{"line":38,"column":29},"end":{"line":38,"column":30}},"loc":{"start":{"line":38,"column":35},"end":{"line":40,"column":3}},"line":38},"2":{"name":"(anonymous_2)","decl":{"start":{"line":44,"column":29},"end":{"line":44,"column":30}},"loc":{"start":{"line":44,"column":35},"end":{"line":46,"column":3}},"line":44},"3":{"name":"(anonymous_3)","decl":{"start":{"line":51,"column":30},"end":{"line":51,"column":31}},"loc":{"start":{"line":51,"column":38},"end":{"line":54,"column":3}},"line":51},"4":{"name":"(anonymous_4)","decl":{"start":{"line":59,"column":30},"end":{"line":59,"column":31}},"loc":{"start":{"line":59,"column":36},"end":{"line":61,"column":3}},"line":59},"5":{"name":"(anonymous_5)","decl":{"start":{"line":63,"column":39},"end":{"line":63,"column":40}},"loc":{"start":{"line":63,"column":45},"end":{"line":66,"column":3}},"line":63},"6":{"name":"(anonymous_6)","decl":{"start":{"line":71,"column":33},"end":{"line":71,"column":34}},"loc":{"start":{"line":71,"column":39},"end":{"line":78,"column":3}},"line":71},"7":{"name":"(anonymous_7)","decl":{"start":{"line":83,"column":31},"end":{"line":83,"column":32}},"loc":{"start":{"line":83,"column":37},"end":{"line":86,"column":3}},"line":83},"8":{"name":"(anonymous_8)","decl":{"start":{"line":88,"column":50},"end":{"line":88,"column":51}},"loc":{"start":{"line":88,"column":73},"end":{"line":94,"column":3}},"line":88},"9":{"name":"(anonymous_9)","decl":{"start":{"line":96,"column":39},"end":{"line":96,"column":40}},"loc":{"start":{"line":96,"column":76},"end":{"line":109,"column":3}},"line":96},"10":{"name":"(anonymous_10)","decl":{"start":{"line":115,"column":32},"end":{"line":115,"column":33}},"loc":{"start":{"line":115,"column":48},"end":{"line":119,"column":3}},"line":115}},"branchMap":{"0":{"loc":{"start":{"line":98,"column":4},"end":{"line":105,"column":5}},"type":"if","locations":[{"start":{"line":98,"column":4},"end":{"line":105,"column":5}},{"start":{"line":103,"column":11},"end":{"line":105,"column":5}}],"line":98},"1":{"loc":{"start":{"line":98,"column":8},"end":{"line":98,"column":86}},"type":"binary-expr","locations":[{"start":{"line":98,"column":8},"end":{"line":98,"column":44}},{"start":{"line":98,"column":48},"end":{"line":98,"column":86}}],"line":98},"2":{"loc":{"start":{"line":99,"column":6},"end":{"line":102,"column":7}},"type":"if","locations":[{"start":{"line":99,"column":6},"end":{"line":102,"column":7}},{"start":{},"end":{}}],"line":99},"3":{"loc":{"start":{"line":123,"column":7},"end":{"line":166,"column":7}},"type":"binary-expr","locations":[{"start":{"line":123,"column":7},"end":{"line":123,"column":17}},{"start":{"line":124,"column":8},"end":{"line":165,"column":22}}],"line":123},"4":{"loc":{"start":{"line":126,"column":13},"end":{"line":128,"column":62}},"type":"cond-expr","locations":[{"start":{"line":127,"column":16},"end":{"line":127,"column":61}},{"start":{"line":128,"column":16},"end":{"line":128,"column":62}}],"line":126},"5":{"loc":{"start":{"line":140,"column":13},"end":{"line":149,"column":13}},"type":"binary-expr","locations":[{"start":{"line":140,"column":13},"end":{"line":140,"column":21}},{"start":{"line":141,"column":14},"end":{"line":148,"column":16}}],"line":140},"6":{"loc":{"start":{"line":150,"column":13},"end":{"line":163,"column":13}},"type":"binary-expr","locations":[{"start":{"line":150,"column":13},"end":{"line":150,"column":21}},{"start":{"line":150,"column":25},"end":{"line":150,"column":34}},{"start":{"line":151,"column":14},"end":{"line":162,"column":16}}],"line":150}},"s":{"0":1,"1":4,"2":4,"3":4,"4":4,"5":4,"6":4,"7":0,"8":4,"9":0,"10":4,"11":2,"12":2,"13":4,"14":2,"15":4,"16":2,"17":2,"18":4,"19":2,"20":2,"21":2,"22":2,"23":4,"24":0,"25":0,"26":4,"27":0,"28":4,"29":0,"30":0,"31":0,"32":0,"33":0,"34":0,"35":0,"36":0,"37":4,"38":4,"39":0,"40":0,"41":0,"42":4},"f":{"0":4,"1":0,"2":0,"3":2,"4":2,"5":2,"6":2,"7":0,"8":0,"9":0,"10":0},"b":{"0":[0,0],"1":[0,0],"2":[0,0],"3":[4,2],"4":[0,2],"5":[2,0],"6":[2,0,0]},"_coverageSchema":"1a1c01bbd47fc00a2c39e90264f33305004495a9","hash":"36e11dd72804043773b939cdf4bca83671146f54"}
,"/Users/matiassalicru/cor-commons/src/components/bulk-actions/Context.tsx": {"path":"/Users/matiassalicru/cor-commons/src/components/bulk-actions/Context.tsx","statementMap":{"0":{"start":{"line":8,"column":34},"end":{"line":8,"column":74}}},"fnMap":{},"branchMap":{},"s":{"0":3},"f":{},"b":{},"_coverageSchema":"1a1c01bbd47fc00a2c39e90264f33305004495a9","hash":"9fb9fd73940caafbb61217150ec53bf873849bf0"}
,"/Users/matiassalicru/cor-commons/src/components/bulk-actions/index.ts": {"path":"/Users/matiassalicru/cor-commons/src/components/bulk-actions/index.ts","statementMap":{},"fnMap":{},"branchMap":{},"s":{},"f":{},"b":{},"_coverageSchema":"1a1c01bbd47fc00a2c39e90264f33305004495a9","hash":"e3ceb7072336170db212e3756c1b17981e7b253b"}
,"/Users/matiassalicru/cor-commons/src/components/bulk-actions/styles.ts": {"path":"/Users/matiassalicru/cor-commons/src/components/bulk-actions/styles.ts","statementMap":{"0":{"start":{"line":3,"column":27},"end":{"line":17,"column":1}},"1":{"start":{"line":19,"column":25},"end":{"line":30,"column":1}},"2":{"start":{"line":32,"column":26},"end":{"line":38,"column":1}},"3":{"start":{"line":40,"column":23},"end":{"line":44,"column":1}}},"fnMap":{},"branchMap":{},"s":{"0":1,"1":1,"2":1,"3":1},"f":{},"b":{},"_coverageSchema":"1a1c01bbd47fc00a2c39e90264f33305004495a9","hash":"d4dce1d89a40c2e80bf245f969c3e4366933e75b"}
,"/Users/matiassalicru/cor-commons/src/components/bulk-actions/components/actions/Actions.tsx": {"path":"/Users/matiassalicru/cor-commons/src/components/bulk-actions/components/actions/Actions.tsx","statementMap":{"0":{"start":{"line":13,"column":21},"end":{"line":18,"column":1}},"1":{"start":{"line":20,"column":56},"end":{"line":108,"column":1}},"2":{"start":{"line":27,"column":25},"end":{"line":27,"column":55}},"3":{"start":{"line":28,"column":16},"end":{"line":28,"column":44}},"4":{"start":{"line":30,"column":28},"end":{"line":35,"column":3}},"5":{"start":{"line":31,"column":4},"end":{"line":33,"column":6}},"6":{"start":{"line":34,"column":4},"end":{"line":34,"column":39}},"7":{"start":{"line":37,"column":33},"end":{"line":42,"column":8}},"8":{"start":{"line":38,"column":4},"end":{"line":40,"column":6}},"9":{"start":{"line":41,"column":4},"end":{"line":41,"column":12}},"10":{"start":{"line":44,"column":20},"end":{"line":90,"column":3}},"11":{"start":{"line":50,"column":28},"end":{"line":50,"column":62}},"12":{"start":{"line":59,"column":28},"end":{"line":59,"column":63}},"13":{"start":{"line":68,"column":28},"end":{"line":68,"column":55}},"14":{"start":{"line":76,"column":28},"end":{"line":76,"column":58}},"15":{"start":{"line":92,"column":26},"end":{"line":95,"column":3}},"16":{"start":{"line":93,"column":10},"end":{"line":93,"column":107}},"17":{"start":{"line":93,"column":47},"end":{"line":93,"column":106}},"18":{"start":{"line":97,"column":2},"end":{"line":107,"column":3}}},"fnMap":{"0":{"name":"(anonymous_0)","decl":{"start":{"line":20,"column":56},"end":{"line":20,"column":57}},"loc":{"start":{"line":26,"column":6},"end":{"line":108,"column":1}},"line":26},"1":{"name":"(anonymous_1)","decl":{"start":{"line":30,"column":28},"end":{"line":30,"column":29}},"loc":{"start":{"line":30,"column":50},"end":{"line":35,"column":3}},"line":30},"2":{"name":"(anonymous_2)","decl":{"start":{"line":37,"column":45},"end":{"line":37,"column":46}},"loc":{"start":{"line":37,"column":51},"end":{"line":42,"column":3}},"line":37},"3":{"name":"(anonymous_3)","decl":{"start":{"line":50,"column":22},"end":{"line":50,"column":23}},"loc":{"start":{"line":50,"column":28},"end":{"line":50,"column":62}},"line":50},"4":{"name":"(anonymous_4)","decl":{"start":{"line":59,"column":22},"end":{"line":59,"column":23}},"loc":{"start":{"line":59,"column":28},"end":{"line":59,"column":63}},"line":59},"5":{"name":"(anonymous_5)","decl":{"start":{"line":68,"column":22},"end":{"line":68,"column":23}},"loc":{"start":{"line":68,"column":28},"end":{"line":68,"column":55}},"line":68},"6":{"name":"(anonymous_6)","decl":{"start":{"line":76,"column":22},"end":{"line":76,"column":23}},"loc":{"start":{"line":76,"column":28},"end":{"line":76,"column":58}},"line":76},"7":{"name":"(anonymous_7)","decl":{"start":{"line":93,"column":4},"end":{"line":93,"column":5}},"loc":{"start":{"line":93,"column":10},"end":{"line":93,"column":107}},"line":93},"8":{"name":"(anonymous_8)","decl":{"start":{"line":93,"column":35},"end":{"line":93,"column":36}},"loc":{"start":{"line":93,"column":47},"end":{"line":93,"column":106}},"line":93}},"branchMap":{"0":{"loc":{"start":{"line":77,"column":39},"end":{"line":77,"column":67}},"type":"cond-expr","locations":[{"start":{"line":77,"column":59},"end":{"line":77,"column":62}},{"start":{"line":77,"column":65},"end":{"line":77,"column":67}}],"line":77}},"s":{"0":2,"1":2,"2":5,"3":5,"4":5,"5":4,"6":4,"7":5,"8":2,"9":2,"10":5,"11":1,"12":1,"13":1,"14":1,"15":5,"16":5,"17":25,"18":5},"f":{"0":5,"1":4,"2":2,"3":1,"4":1,"5":1,"6":1,"7":5,"8":25},"b":{"0":[0,5]},"_coverageSchema":"1a1c01bbd47fc00a2c39e90264f33305004495a9","hash":"d4d3a651469266306637617b3f040e8ee3c4ae73"}
,"/Users/matiassalicru/cor-commons/src/components/bulk-actions/components/actions/index.ts": {"path":"/Users/matiassalicru/cor-commons/src/components/bulk-actions/components/actions/index.ts","statementMap":{},"fnMap":{},"branchMap":{},"s":{},"f":{},"b":{},"_coverageSchema":"1a1c01bbd47fc00a2c39e90264f33305004495a9","hash":"8db06b3e8f7cd432f1d4ef02395997bc730d75a7"}
,"/Users/matiassalicru/cor-commons/src/components/bulk-actions/components/datetime/Datetime.tsx": {"path":"/Users/matiassalicru/cor-commons/src/components/bulk-actions/components/datetime/Datetime.tsx","statementMap":{"0":{"start":{"line":16,"column":16},"end":{"line":16,"column":20}},"1":{"start":{"line":17,"column":23},"end":{"line":17,"column":35}},"2":{"start":{"line":18,"column":23},"end":{"line":18,"column":35}},"3":{"start":{"line":20,"column":57},"end":{"line":69,"column":1}},"4":{"start":{"line":21,"column":26},"end":{"line":21,"column":40}},"5":{"start":{"line":22,"column":30},"end":{"line":22,"column":45}},"6":{"start":{"line":23,"column":16},"end":{"line":23,"column":41}},"7":{"start":{"line":25,"column":21},"end":{"line":25,"column":96}},"8":{"start":{"line":25,"column":36},"end":{"line":25,"column":86}},"9":{"start":{"line":27,"column":2},"end":{"line":29,"column":8}},"10":{"start":{"line":28,"column":4},"end":{"line":28,"column":19}},"11":{"start":{"line":31,"column":23},"end":{"line":38,"column":3}},"12":{"start":{"line":33,"column":6},"end":{"line":33,"column":22}},"13":{"start":{"line":34,"column":6},"end":{"line":34,"column":22}},"14":{"start":{"line":35,"column":6},"end":{"line":35,"column":60}},"15":{"start":{"line":40,"column":22},"end":{"line":42,"column":3}},"16":{"start":{"line":41,"column":4},"end":{"line":41,"column":20}},"17":{"start":{"line":44,"column":21},"end":{"line":46,"column":3}},"18":{"start":{"line":45,"column":4},"end":{"line":45,"column":19}},"19":{"start":{"line":48,"column":2},"end":{"line":68,"column":3}}},"fnMap":{"0":{"name":"(anonymous_0)","decl":{"start":{"line":20,"column":57},"end":{"line":20,"column":58}},"loc":{"start":{"line":20,"column":99},"end":{"line":69,"column":1}},"line":20},"1":{"name":"(anonymous_1)","decl":{"start":{"line":25,"column":29},"end":{"line":25,"column":30}},"loc":{"start":{"line":25,"column":36},"end":{"line":25,"column":86}},"line":25},"2":{"name":"(anonymous_2)","decl":{"start":{"line":27,"column":12},"end":{"line":27,"column":13}},"loc":{"start":{"line":27,"column":18},"end":{"line":29,"column":3}},"line":27},"3":{"name":"(anonymous_3)","decl":{"start":{"line":32,"column":4},"end":{"line":32,"column":5}},"loc":{"start":{"line":32,"column":15},"end":{"line":36,"column":5}},"line":32},"4":{"name":"(anonymous_4)","decl":{"start":{"line":40,"column":22},"end":{"line":40,"column":23}},"loc":{"start":{"line":40,"column":28},"end":{"line":42,"column":3}},"line":40},"5":{"name":"(anonymous_5)","decl":{"start":{"line":44,"column":21},"end":{"line":44,"column":22}},"loc":{"start":{"line":44,"column":27},"end":{"line":46,"column":3}},"line":44}},"branchMap":{"0":{"loc":{"start":{"line":20,"column":78},"end":{"line":20,"column":92}},"type":"default-arg","locations":[{"start":{"line":20,"column":85},"end":{"line":20,"column":92}}],"line":20},"1":{"loc":{"start":{"line":25,"column":36},"end":{"line":25,"column":86}},"type":"cond-expr","locations":[{"start":{"line":25,"column":55},"end":{"line":25,"column":69}},{"start":{"line":25,"column":72},"end":{"line":25,"column":86}}],"line":25}},"s":{"0":2,"1":2,"2":2,"3":2,"4":0,"5":0,"6":0,"7":0,"8":0,"9":0,"10":0,"11":0,"12":0,"13":0,"14":0,"15":0,"16":0,"17":0,"18":0,"19":0},"f":{"0":0,"1":0,"2":0,"3":0,"4":0,"5":0},"b":{"0":[0],"1":[0,0]},"_coverageSchema":"1a1c01bbd47fc00a2c39e90264f33305004495a9","hash":"471ebd6f44aed5c2ce4dcf4654955e112844fb5a"}
,"/Users/matiassalicru/cor-commons/src/components/bulk-actions/components/datetime/index.tsx": {"path":"/Users/matiassalicru/cor-commons/src/components/bulk-actions/components/datetime/index.tsx","statementMap":{},"fnMap":{},"branchMap":{},"s":{},"f":{},"b":{},"_coverageSchema":"1a1c01bbd47fc00a2c39e90264f33305004495a9","hash":"a983a2ab69121f8af14d98e96ce2aa3b3fb7a563"}
,"/Users/matiassalicru/cor-commons/src/components/bulk-actions/components/datetime/materialTheme.ts": {"path":"/Users/matiassalicru/cor-commons/src/components/bulk-actions/components/datetime/materialTheme.ts","statementMap":{"0":{"start":{"line":4,"column":29},"end":{"line":88,"column":18}}},"fnMap":{},"branchMap":{},"s":{"0":2},"f":{},"b":{},"_coverageSchema":"1a1c01bbd47fc00a2c39e90264f33305004495a9","hash":"1d85c1558c58ee7660fb9b0d8fe2f328f82ad48f"}
,"/Users/matiassalicru/cor-commons/src/components/bulk-actions/components/datetime/style.ts": {"path":"/Users/matiassalicru/cor-commons/src/components/bulk-actions/components/datetime/style.ts","statementMap":{"0":{"start":{"line":3,"column":25},"end":{"line":5,"column":1}}},"fnMap":{},"branchMap":{},"s":{"0":2},"f":{},"b":{},"_coverageSchema":"1a1c01bbd47fc00a2c39e90264f33305004495a9","hash":"2c564f25071c6c7482eb07219e71b534d5d147c4"}
,"/Users/matiassalicru/cor-commons/src/components/bulk-actions/components/item-list/ItemList.tsx": {"path":"/Users/matiassalicru/cor-commons/src/components/bulk-actions/components/item-list/ItemList.tsx","statementMap":{"0":{"start":{"line":14,"column":58},"end":{"line":51,"column":1}},"1":{"start":{"line":21,"column":34},"end":{"line":21,"column":49}},"2":{"start":{"line":22,"column":16},"end":{"line":22,"column":44}},"3":{"start":{"line":24,"column":2},"end":{"line":26,"column":16}},"4":{"start":{"line":25,"column":4},"end":{"line":25,"column":24}},"5":{"start":{"line":28,"column":22},"end":{"line":35,"column":3}},"6":{"start":{"line":30,"column":6},"end":{"line":30,"column":38}},"7":{"start":{"line":32,"column":6},"end":{"line":32,"column":21}},"8":{"start":{"line":37,"column":2},"end":{"line":50,"column":3}}},"fnMap":{"0":{"name":"(anonymous_0)","decl":{"start":{"line":14,"column":58},"end":{"line":14,"column":59}},"loc":{"start":{"line":20,"column":6},"end":{"line":51,"column":1}},"line":20},"1":{"name":"(anonymous_1)","decl":{"start":{"line":24,"column":12},"end":{"line":24,"column":13}},"loc":{"start":{"line":24,"column":18},"end":{"line":26,"column":3}},"line":24},"2":{"name":"(anonymous_2)","decl":{"start":{"line":29,"column":4},"end":{"line":29,"column":5}},"loc":{"start":{"line":29,"column":13},"end":{"line":33,"column":5}},"line":29}},"branchMap":{"0":{"loc":{"start":{"line":17,"column":2},"end":{"line":17,"column":13}},"type":"default-arg","locations":[{"start":{"line":17,"column":9},"end":{"line":17,"column":13}}],"line":17},"1":{"loc":{"start":{"line":18,"column":2},"end":{"line":18,"column":14}},"type":"default-arg","locations":[{"start":{"line":18,"column":10},"end":{"line":18,"column":14}}],"line":18},"2":{"loc":{"start":{"line":19,"column":2},"end":{"line":19,"column":18}},"type":"default-arg","locations":[{"start":{"line":19,"column":13},"end":{"line":19,"column":18}}],"line":19},"3":{"loc":{"start":{"line":41,"column":9},"end":{"line":41,"column":54}},"type":"binary-expr","locations":[{"start":{"line":41,"column":9},"end":{"line":41,"column":13}},{"start":{"line":41,"column":17},"end":{"line":41,"column":54}}],"line":41},"4":{"loc":{"start":{"line":44,"column":7},"end":{"line":48,"column":7}},"type":"binary-expr","locations":[{"start":{"line":44,"column":7},"end":{"line":44,"column":16}},{"start":{"line":45,"column":8},"end":{"line":47,"column":25}}],"line":44}},"s":{"0":4,"1":14,"2":14,"3":14,"4":9,"5":14,"6":3,"7":3,"8":14},"f":{"0":14,"1":9,"2":3},"b":{"0":[4],"1":[0],"2":[0],"3":[14,10],"4":[14,4]},"_coverageSchema":"1a1c01bbd47fc00a2c39e90264f33305004495a9","hash":"5ea41af33cf242b00ecd6a863aa4cacb5c9d45c1"}
,"/Users/matiassalicru/cor-commons/src/components/bulk-actions/components/item-list/index.ts": {"path":"/Users/matiassalicru/cor-commons/src/components/bulk-actions/components/item-list/index.ts","statementMap":{},"fnMap":{},"branchMap":{},"s":{},"f":{},"b":{},"_coverageSchema":"1a1c01bbd47fc00a2c39e90264f33305004495a9","hash":"fbdf70b6c51c49527513e1d165d83109c9b8a695"}
,"/Users/matiassalicru/cor-commons/src/components/bulk-actions/components/item-list/styles.ts": {"path":"/Users/matiassalicru/cor-commons/src/components/bulk-actions/components/item-list/styles.ts","statementMap":{"0":{"start":{"line":9,"column":23},"end":{"line":18,"column":1}},"1":{"start":{"line":20,"column":22},"end":{"line":26,"column":1}},"2":{"start":{"line":28,"column":25},"end":{"line":54,"column":1}},"3":{"start":{"line":31,"column":42},"end":{"line":31,"column":75}},"4":{"start":{"line":42,"column":4},"end":{"line":45,"column":5}},"5":{"start":{"line":56,"column":29},"end":{"line":59,"column":1}},"6":{"start":{"line":61,"column":29},"end":{"line":64,"column":1}},"7":{"start":{"line":65,"column":30},"end":{"line":69,"column":1}}},"fnMap":{"0":{"name":"(anonymous_0)","decl":{"start":{"line":31,"column":22},"end":{"line":31,"column":23}},"loc":{"start":{"line":31,"column":42},"end":{"line":31,"column":75}},"line":31},"1":{"name":"(anonymous_1)","decl":{"start":{"line":41,"column":4},"end":{"line":41,"column":5}},"loc":{"start":{"line":42,"column":4},"end":{"line":45,"column":5}},"line":42}},"branchMap":{"0":{"loc":{"start":{"line":31,"column":42},"end":{"line":31,"column":75}},"type":"cond-expr","locations":[{"start":{"line":31,"column":54},"end":{"line":31,"column":63}},{"start":{"line":31,"column":66},"end":{"line":31,"column":75}}],"line":31},"1":{"loc":{"start":{"line":42,"column":4},"end":{"line":45,"column":5}},"type":"binary-expr","locations":[{"start":{"line":42,"column":4},"end":{"line":42,"column":13}},{"start":{"line":43,"column":4},"end":{"line":45,"column":5}}],"line":42}},"s":{"0":4,"1":4,"2":4,"3":13,"4":13,"5":4,"6":4,"7":4},"f":{"0":13,"1":13},"b":{"0":[3,10],"1":[13,3]},"_coverageSchema":"1a1c01bbd47fc00a2c39e90264f33305004495a9","hash":"71b6a7bfdacc133206f81565ecdf7f4cae56cf13"}
[...]
12},"end":{"line":54,"column":13}},"loc":{"start":{"line":54,"column":18},"end":{"line":59,"column":3}},"line":54},"3":{"name":"(anonymous_3)","decl":{"start":{"line":61,"column":12},"end":{"line":61,"column":13}},"loc":{"start":{"line":61,"column":18},"end":{"line":63,"column":3}},"line":61},"4":{"name":"downHandler","decl":{"start":{"line":68,"column":11},"end":{"line":68,"column":22}},"loc":{"start":{"line":68,"column":26},"end":{"line":131,"column":3}},"line":68},"5":{"name":"(anonymous_5)","decl":{"start":{"line":136,"column":12},"end":{"line":136,"column":13}},"loc":{"start":{"line":136,"column":18},"end":{"line":141,"column":3}},"line":136},"6":{"name":"(anonymous_6)","decl":{"start":{"line":138,"column":11},"end":{"line":138,"column":12}},"loc":{"start":{"line":138,"column":17},"end":{"line":140,"column":5}},"line":138}},"branchMap":{"0":{"loc":{"start":{"line":36,"column":2},"end":{"line":36,"column":20}},"type":"default-arg","locations":[{"start":{"line":36,"column":15},"end":{"line":36,"column":20}}],"line":36},"1":{"loc":{"start":{"line":37,"column":2},"end":{"line":37,"column":22}},"type":"default-arg","locations":[{"start":{"line":37,"column":17},"end":{"line":37,"column":22}}],"line":37},"2":{"loc":{"start":{"line":38,"column":2},"end":{"line":38,"column":19}},"type":"default-arg","locations":[{"start":{"line":38,"column":9},"end":{"line":38,"column":19}}],"line":38},"3":{"loc":{"start":{"line":39,"column":2},"end":{"line":39,"column":18}},"type":"default-arg","locations":[{"start":{"line":39,"column":13},"end":{"line":39,"column":18}}],"line":39},"4":{"loc":{"start":{"line":55,"column":4},"end":{"line":58,"column":5}},"type":"if","locations":[{"start":{"line":55,"column":4},"end":{"line":58,"column":5}},{"start":{},"end":{}}],"line":55},"5":{"loc":{"start":{"line":57,"column":17},"end":{"line":57,"column":47}},"type":"cond-expr","locations":[{"start":{"line":57,"column":34},"end":{"line":57,"column":43}},{"start":{"line":57,"column":46},"end":{"line":57,"column":47}}],"line":57},"6":{"loc":{"start":{"line":62,"column":4},"end":{"line":62,"column":29}},"type":"binary-expr","locations":[{"start":{"line":62,"column":4},"end":{"line":62,"column":12}},{"start":{"line":62,"column":16},"end":{"line":62,"column":29}}],"line":62},"7":{"loc":{"start":{"line":72,"column":4},"end":{"line":130,"column":5}},"type":"switch","locations":[{"start":{"line":78,"column":6},"end":{"line":86,"column":13}},{"start":{"line":87,"column":6},"end":{"line":94,"column":13}},{"start":{"line":95,"column":6},"end":{"line":103,"column":13}},{"start":{"line":104,"column":6},"end":{"line":111,"column":13}},{"start":{"line":115,"column":6},"end":{"line":118,"column":13}},{"start":{"line":122,"column":6},"end":{"line":122,"column":19}},{"start":{"line":123,"column":6},"end":{"line":123,"column":22}},{"start":{"line":124,"column":6},"end":{"line":127,"column":13}},{"start":{"line":128,"column":6},"end":{"line":129,"column":13}}],"line":72},"8":{"loc":{"start":{"line":80,"column":8},"end":{"line":82,"column":9}},"type":"if","locations":[{"start":{"line":80,"column":8},"end":{"line":82,"column":9}},{"start":{},"end":{}}],"line":80},"9":{"loc":{"start":{"line":80,"column":12},"end":{"line":80,"column":57}},"type":"binary-expr","locations":[{"start":{"line":80,"column":12},"end":{"line":80,"column":22}},{"start":{"line":80,"column":26},"end":{"line":80,"column":45}},{"start":{"line":80,"column":49},"end":{"line":80,"column":57}}],"line":80},"10":{"loc":{"start":{"line":88,"column":8},"end":{"line":90,"column":9}},"type":"if","locations":[{"start":{"line":88,"column":8},"end":{"line":90,"column":9}},{"start":{},"end":{}}],"line":88},"11":{"loc":{"start":{"line":97,"column":8},"end":{"line":99,"column":9}},"type":"if","locations":[{"start":{"line":97,"column":8},"end":{"line":99,"column":9}},{"start":{},"end":{}}],"line":97},"12":{"loc":{"start":{"line":97,"column":12},"end":{"line":97,"column":55}},"type":"binary-expr","locations":[{"start":{"line":97,"column":12},"end":{"line":97,"column":22}},{"start":{"line":97,"column":26},"end":{"line":97,"column":43}},{"start":{"line":97,"column":47},"end":{"line":97,"column":55}}],"line":97},"13":{"loc":{"start":{"line":105,"column":8},"end":{"line":107,"column":9}},"type":"if","locations":[{"start":{"line":105,"column":8},"end":{"line":107,"column":9}},{"start":{},"end":{}}],"line":105},"14":{"loc":{"start":{"line":105,"column":12},"end":{"line":105,"column":41}},"type":"binary-expr","locations":[{"start":{"line":105,"column":12},"end":{"line":105,"column":29}},{"start":{"line":105,"column":33},"end":{"line":105,"column":41}}],"line":105},"15":{"loc":{"start":{"line":117,"column":8},"end":{"line":117,"column":49}},"type":"cond-expr","locations":[{"start":{"line":117,"column":23},"end":{"line":117,"column":42}},{"start":{"line":117,"column":45},"end":{"line":117,"column":49}}],"line":117},"16":{"loc":{"start":{"line":124,"column":11},"end":{"line":124,"column":31}},"type":"binary-expr","locations":[{"start":{"line":124,"column":11},"end":{"line":124,"column":20}},{"start":{"line":124,"column":24},"end":{"line":124,"column":31}}],"line":124},"17":{"loc":{"start":{"line":126,"column":8},"end":{"line":126,"column":49}},"type":"cond-expr","locations":[{"start":{"line":126,"column":23},"end":{"line":126,"column":42}},{"start":{"line":126,"column":45},"end":{"line":126,"column":49}}],"line":126}},"s":{"0":9,"1":9,"2":9,"3":69,"4":69,"5":2,"6":69,"7":49,"8":0,"9":0,"10":69,"11":31,"12":36,"13":6,"14":1,"15":5,"16":5,"17":5,"18":5,"19":4,"20":0,"21":4,"22":4,"23":4,"24":4,"25":3,"26":0,"27":3,"28":3,"29":3,"30":3,"31":5,"32":1,"33":4,"34":4,"35":4,"36":4,"37":2,"38":2,"39":2,"40":4,"41":4,"42":4,"43":12,"44":69,"45":69,"46":69,"47":69,"48":69},"f":{"0":69,"1":2,"2":49,"3":31,"4":36,"5":69,"6":69},"b":{"0":[10],"1":[0],"2":[43],"3":[43],"4":[0,49],"5":[0,0],"6":[31,1],"7":[6,4,3,5,2,2,4,4,12],"8":[1,5],"9":[6,6,6],"10":[0,4],"11":[0,3],"12":[3,3,3],"13":[1,4],"14":[5,4],"15":[1,1],"16":[12,12],"17":[1,3]},"_coverageSchema":"1a1c01bbd47fc00a2c39e90264f33305004495a9","hash":"0f1c17795fb07e852e509ee6e2b27c84618295e6"}
,"/Users/matiassalicru/cor-commons/src/hooks/use-local-storage/index.ts": {"path":"/Users/matiassalicru/cor-commons/src/hooks/use-local-storage/index.ts","statementMap":{},"fnMap":{},"branchMap":{},"s":{},"f":{},"b":{},"_coverageSchema":"1a1c01bbd47fc00a2c39e90264f33305004495a9","hash":"09155d8c210ed74329a841c5516318183b1cfc4a"}
,"/Users/matiassalicru/cor-commons/src/hooks/use-local-storage/useLocalStorage.ts": {"path":"/Users/matiassalicru/cor-commons/src/hooks/use-local-storage/useLocalStorage.ts","statementMap":{"0":{"start":{"line":9,"column":24},"end":{"line":12,"column":1}},"1":{"start":{"line":10,"column":26},"end":{"line":10,"column":51}},"2":{"start":{"line":11,"column":2},"end":{"line":11,"column":69}},"3":{"start":{"line":14,"column":31},"end":{"line":26,"column":1}},"4":{"start":{"line":18,"column":28},"end":{"line":18,"column":78}},"5":{"start":{"line":18,"column":43},"end":{"line":18,"column":77}},"6":{"start":{"line":20,"column":2},"end":{"line":23,"column":18}},"7":{"start":{"line":22,"column":4},"end":{"line":22,"column":52}},"8":{"start":{"line":25,"column":2},"end":{"line":25,"column":26}}},"fnMap":{"0":{"name":"(anonymous_0)","decl":{"start":{"line":9,"column":24},"end":{"line":9,"column":25}},"loc":{"start":{"line":9,"column":119},"end":{"line":12,"column":1}},"line":9},"1":{"name":"(anonymous_1)","decl":{"start":{"line":14,"column":31},"end":{"line":14,"column":32}},"loc":{"start":{"line":17,"column":34},"end":{"line":26,"column":1}},"line":17},"2":{"name":"(anonymous_2)","decl":{"start":{"line":18,"column":37},"end":{"line":18,"column":38}},"loc":{"start":{"line":18,"column":43},"end":{"line":18,"column":77}},"line":18},"3":{"name":"(anonymous_3)","decl":{"start":{"line":20,"column":12},"end":{"line":20,"column":13}},"loc":{"start":{"line":20,"column":18},"end":{"line":23,"column":3}},"line":20}},"branchMap":{"0":{"loc":{"start":{"line":11,"column":9},"end":{"line":11,"column":69}},"type":"cond-expr","locations":[{"start":{"line":11,"column":27},"end":{"line":11,"column":54}},{"start":{"line":11,"column":57},"end":{"line":11,"column":69}}],"line":11}},"s":{"0":6,"1":13,"2":13,"3":6,"4":16,"5":13,"6":16,"7":15,"8":16},"f":{"0":13,"1":16,"2":13,"3":15},"b":{"0":[9,4]},"_coverageSchema":"1a1c01bbd47fc00a2c39e90264f33305004495a9","hash":"469f7ac3ec9d92dcd63ce51cca8521fd24926c25"}
,"/Users/matiassalicru/cor-commons/src/providers/UserProvider/UserProvider.tsx": {"path":"/Users/matiassalicru/cor-commons/src/providers/UserProvider/UserProvider.tsx","statementMap":{"0":{"start":{"line":4,"column":20},"end":{"line":4,"column":23}},"1":{"start":{"line":6,"column":39},"end":{"line":18,"column":1}},"2":{"start":{"line":20,"column":27},"end":{"line":20,"column":72}},"3":{"start":{"line":27,"column":28},"end":{"line":48,"column":1}},"4":{"start":{"line":28,"column":42},"end":{"line":28,"column":46}},"5":{"start":{"line":29,"column":2},"end":{"line":47,"column":3}}},"fnMap":{"0":{"name":"(anonymous_0)","decl":{"start":{"line":27,"column":28},"end":{"line":27,"column":29}},"loc":{"start":{"line":27,"column":94},"end":{"line":48,"column":1}},"line":27}},"branchMap":{},"s":{"0":3,"1":3,"2":3,"3":3,"4":2,"5":2},"f":{"0":2},"b":{},"_coverageSchema":"1a1c01bbd47fc00a2c39e90264f33305004495a9","hash":"23156eb77c5823070f5a1973270db87057bbccbc"}
,"/Users/matiassalicru/cor-commons/src/providers/UserProvider/UserProviderMock.tsx": {"path":"/Users/matiassalicru/cor-commons/src/providers/UserProvider/UserProviderMock.tsx","statementMap":{"0":{"start":{"line":4,"column":32},"end":{"line":23,"column":1}},"1":{"start":{"line":5,"column":15},"end":{"line":5,"column":38}},"2":{"start":{"line":7,"column":2},"end":{"line":22,"column":3}}},"fnMap":{"0":{"name":"(anonymous_0)","decl":{"start":{"line":4,"column":32},"end":{"line":4,"column":33}},"loc":{"start":{"line":4,"column":52},"end":{"line":23,"column":1}},"line":4},"1":{"name":"(anonymous_1)","decl":{"start":{"line":13,"column":19},"end":{"line":13,"column":20}},"loc":{"start":{"line":13,"column":25},"end":{"line":15,"column":11}},"line":13}},"branchMap":{"0":{"loc":{"start":{"line":9,"column":7},"end":{"line":20,"column":7}},"type":"binary-expr","locations":[{"start":{"line":9,"column":7},"end":{"line":9,"column":15}},{"start":{"line":9,"column":19},"end":{"line":9,"column":36}},{"start":{"line":10,"column":8},"end":{"line":19,"column":17}}],"line":9}},"s":{"0":1,"1":1,"2":1},"f":{"0":1,"1":0},"b":{"0":[1,1,1]},"_coverageSchema":"1a1c01bbd47fc00a2c39e90264f33305004495a9","hash":"1e8bcc1f0af181bda4170f9f4d9f3bfff9aee804"}
,"/Users/matiassalicru/cor-commons/src/providers/UserProvider/index.ts": {"path":"/Users/matiassalicru/cor-commons/src/providers/UserProvider/index.ts","statementMap":{},"fnMap":{},"branchMap":{},"s":{},"f":{},"b":{},"_coverageSchema":"1a1c01bbd47fc00a2c39e90264f33305004495a9","hash":"bdbfbed2ef12a166e0c96337439eed17a8da2aeb"}
,"/Users/matiassalicru/cor-commons/src/utils/calcDaysDiff/calcDaysDiff.ts": {"path":"/Users/matiassalicru/cor-commons/src/utils/calcDaysDiff/calcDaysDiff.ts","statementMap":{"0":{"start":{"line":8,"column":28},"end":{"line":12,"column":1}},"1":{"start":{"line":9,"column":26},"end":{"line":9,"column":65}},"2":{"start":{"line":10,"column":19},"end":{"line":10,"column":60}},"3":{"start":{"line":11,"column":2},"end":{"line":11,"column":29}}},"fnMap":{"0":{"name":"(anonymous_0)","decl":{"start":{"line":8,"column":28},"end":{"line":8,"column":29}},"loc":{"start":{"line":8,"column":90},"end":{"line":12,"column":1}},"line":8}},"branchMap":{},"s":{"0":1,"1":3,"2":3,"3":3},"f":{"0":3},"b":{},"_coverageSchema":"1a1c01bbd47fc00a2c39e90264f33305004495a9","hash":"67f0de05dada258a551d84866f99a33e1a2e6749"}
,"/Users/matiassalicru/cor-commons/src/utils/orderAlphanumericList/orderAlphanumericList.js": {"path":"/Users/matiassalicru/cor-commons/src/utils/orderAlphanumericList/orderAlphanumericList.js","statementMap":{"0":{"start":{"line":10,"column":12},"end":{"line":10,"column":17}},"1":{"start":{"line":11,"column":13},"end":{"line":11,"column":19}},"2":{"start":{"line":13,"column":37},"end":{"line":40,"column":1}},"3":{"start":{"line":14,"column":31},"end":{"line":14,"column":108}},"4":{"start":{"line":14,"column":59},"end":{"line":14,"column":107}},"5":{"start":{"line":16,"column":2},"end":{"line":37,"column":3}},"6":{"start":{"line":17,"column":43},"end":{"line":25,"column":100}},"7":{"start":{"line":19,"column":26},"end":{"line":19,"column":86}},"8":{"start":{"line":20,"column":8},"end":{"line":23,"column":9}},"9":{"start":{"line":25,"column":19},"end":{"line":25,"column":99}},"10":{"start":{"line":25,"column":59},"end":{"line":25,"column":98}},"11":{"start":{"line":27,"column":31},"end":{"line":34,"column":6}},"12":{"start":{"line":28,"column":6},"end":{"line":30,"column":7}},"13":{"start":{"line":29,"column":8},"end":{"line":29,"column":83}},"14":{"start":{"line":29,"column":47},"end":{"line":29,"column":82}},"15":{"start":{"line":31,"column":6},"end":{"line":33,"column":7}},"16":{"start":{"line":32,"column":8},"end":{"line":32,"column":83}},"17":{"start":{"line":32,"column":47},"end":{"line":32,"column":82}},"18":{"start":{"line":36,"column":4},"end":{"line":36,"column":74}},"19":{"start":{"line":36,"column":52},"end":{"line":36,"column":69}},"20":{"start":{"line":39,"column":2},"end":{"line":39,"column":29}}},"fnMap":{"0":{"name":"(anonymous_0)","decl":{"start":{"line":13,"column":37},"end":{"line":13,"column":38}},"loc":{"start":{"line":13,"column":101},"end":{"line":40,"column":1}},"line":13},"1":{"name":"(anonymous_1)","decl":{"start":{"line":14,"column":41},"end":{"line":14,"column":42}},"loc":{"start":{"line":14,"column":59},"end":{"line":14,"column":107}},"line":14},"2":{"name":"(anonymous_2)","decl":{"start":{"line":18,"column":14},"end":{"line":18,"column":15}},"loc":{"start":{"line":18,"column":28},"end":{"line":24,"column":7}},"line":18},"3":{"name":"(anonymous_3)","decl":{"start":{"line":25,"column":11},"end":{"line":25,"column":12}},"loc":{"start":{"line":25,"column":19},"end":{"line":25,"column":99}},"line":25},"4":{"name":"(anonymous_4)","decl":{"start":{"line":25,"column":47},"end":{"line":25,"column":48}},"loc":{"start":{"line":25,"column":59},"end":{"line":25,"column":98}},"line":25},"5":{"name":"(anonymous_5)","decl":{"start":{"line":27,"column":66},"end":{"line":27,"column":67}},"loc":{"start":{"line":27,"column":78},"end":{"line":34,"column":5}},"line":27},"6":{"name":"(anonymous_6)","decl":{"start":{"line":29,"column":29},"end":{"line":29,"column":30}},"loc":{"start":{"line":29,"column":47},"end":{"line":29,"column":82}},"line":29},"7":{"name":"(anonymous_7)","decl":{"start":{"line":32,"column":29},"end":{"line":32,"column":30}},"loc":{"start":{"line":32,"column":47},"end":{"line":32,"column":82}},"line":32},"8":{"name":"(anonymous_8)","decl":{"start":{"line":36,"column":37},"end":{"line":36,"column":38}},"loc":{"start":{"line":36,"column":52},"end":{"line":36,"column":69}},"line":36}},"branchMap":{"0":{"loc":{"start":{"line":13,"column":57},"end":{"line":13,"column":73}},"type":"default-arg","locations":[{"start":{"line":13,"column":69},"end":{"line":13,"column":73}}],"line":13},"1":{"loc":{"start":{"line":13,"column":75},"end":{"line":13,"column":94}},"type":"default-arg","locations":[{"start":{"line":13,"column":90},"end":{"line":13,"column":94}}],"line":13},"2":{"loc":{"start":{"line":16,"column":2},"end":{"line":37,"column":3}},"type":"if","locations":[{"start":{"line":16,"column":2},"end":{"line":37,"column":3}},{"start":{},"end":{}}],"line":16},"3":{"loc":{"start":{"line":19,"column":26},"end":{"line":19,"column":86}},"type":"cond-expr","locations":[{"start":{"line":19,"column":69},"end":{"line":19,"column":78}},{"start":{"line":19,"column":81},"end":{"line":19,"column":86}}],"line":19},"4":{"loc":{"start":{"line":22,"column":11},"end":{"line":22,"column":88}},"type":"binary-expr","locations":[{"start":{"line":22,"column":11},"end":{"line":22,"column":42}},{"start":{"line":22,"column":46},"end":{"line":22,"column":88}}],"line":22},"5":{"loc":{"start":{"line":28,"column":6},"end":{"line":30,"column":7}},"type":"if","locations":[{"start":{"line":28,"column":6},"end":{"line":30,"column":7}},{"start":{},"end":{}}],"line":28},"6":{"loc":{"start":{"line":31,"column":6},"end":{"line":33,"column":7}},"type":"if","locations":[{"start":{"line":31,"column":6},"end":{"line":33,"column":7}},{"start":{},"end":{}}],"line":31}},"s":{"0":1,"1":1,"2":1,"3":3,"4":17,"5":3,"6":2,"7":10,"8":10,"9":6,"10":30,"11":2,"12":6,"13":3,"14":2,"15":3,"16":3,"17":2,"18":2,"19":6,"20":1},"f":{"0":3,"1":17,"2":10,"3":6,"4":30,"5":6,"6":2,"7":2,"8":6},"b":{"0":[1],"1":[2],"2":[2,1],"3":[10,0],"4":[10,8],"5":[3,3],"6":[3,0]},"_coverageSchema":"1a1c01bbd47fc00a2c39e90264f33305004495a9","hash":"f4e29de0eaabe9b6b1d0fee3eda0032716a3668d"}
,"/Users/matiassalicru/cor-commons/src/utils/pressArrow/pressArrow.ts": {"path":"/Users/matiassalicru/cor-commons/src/utils/pressArrow/pressArrow.ts","statementMap":{"0":{"start":{"line":6,"column":30},"end":{"line":13,"column":1}},"1":{"start":{"line":7,"column":29},"end":{"line":7,"column":45}},"2":{"start":{"line":9,"column":2},"end":{"line":11,"column":3}},"3":{"start":{"line":10,"column":4},"end":{"line":10,"column":20}},"4":{"start":{"line":12,"column":2},"end":{"line":12,"column":21}},"5":{"start":{"line":20,"column":28},"end":{"line":26,"column":1}},"6":{"start":{"line":21,"column":21},"end":{"line":21,"column":37}},"7":{"start":{"line":22,"column":2},"end":{"line":24,"column":3}},"8":{"start":{"line":23,"column":4},"end":{"line":23,"column":31}},"9":{"start":{"line":25,"column":2},"end":{"line":25,"column":21}}},"fnMap":{"0":{"name":"(anonymous_0)","decl":{"start":{"line":6,"column":30},"end":{"line":6,"column":31}},"loc":{"start":{"line":6,"column":82},"end":{"line":13,"column":1}},"line":6},"1":{"name":"(anonymous_1)","decl":{"start":{"line":20,"column":28},"end":{"line":20,"column":29}},"loc":{"start":{"line":20,"column":80},"end":{"line":26,"column":1}},"line":20}},"branchMap":{"0":{"loc":{"start":{"line":9,"column":2},"end":{"line":11,"column":3}},"type":"if","locations":[{"start":{"line":9,"column":2},"end":{"line":11,"column":3}},{"start":{},"end":{}}],"line":9},"1":{"loc":{"start":{"line":22,"column":2},"end":{"line":24,"column":3}},"type":"if","locations":[{"start":{"line":22,"column":2},"end":{"line":24,"column":3}},{"start":{},"end":{}}],"line":22}},"s":{"0":10,"1":10,"2":10,"3":3,"4":10,"5":10,"6":10,"7":10,"8":5,"9":10},"f":{"0":10,"1":10},"b":{"0":[3,7],"1":[5,5]},"_coverageSchema":"1a1c01bbd47fc00a2c39e90264f33305004495a9","hash":"caa3829af8bbf50c3c9c4ca5578fbc3f5417f1a6"}
,"/Users/matiassalicru/cor-commons/src/utils/removeAccents/index.ts": {"path":"/Users/matiassalicru/cor-commons/src/utils/removeAccents/index.ts","statementMap":{"0":{"start":{"line":1,"column":29},"end":{"line":9,"column":1}},"1":{"start":{"line":2,"column":2},"end":{"line":6,"column":3}},"2":{"start":{"line":3,"column":4},"end":{"line":5,"column":39}},"3":{"start":{"line":8,"column":2},"end":{"line":8,"column":11}}},"fnMap":{"0":{"name":"(anonymous_0)","decl":{"start":{"line":1,"column":29},"end":{"line":1,"column":30}},"loc":{"start":{"line":1,"column":36},"end":{"line":9,"column":1}},"line":1}},"branchMap":{"0":{"loc":{"start":{"line":2,"column":2},"end":{"line":6,"column":3}},"type":"if","locations":[{"start":{"line":2,"column":2},"end":{"line":6,"column":3}},{"start":{},"end":{}}],"line":2},"1":{"loc":{"start":{"line":2,"column":6},"end":{"line":2,"column":56}},"type":"binary-expr","locations":[{"start":{"line":2,"column":6},"end":{"line":2,"column":29}},{"start":{"line":2,"column":33},"end":{"line":2,"column":56}}],"line":2}},"s":{"0":1,"1":7,"2":5,"3":2},"f":{"0":7},"b":{"0":[5,2],"1":[7,3]},"_coverageSchema":"1a1c01bbd47fc00a2c39e90264f33305004495a9","hash":"42ec797c55af36db52f2c36bcda1fb82d8104d1e"}
}
